[2026-02-14 10:13:57] App requesting launch for Rosette with PI Path: D:/Program Files/PixInsight/bin/PixInsight.exe
[2026-02-14 10:13:57] Found 3 light frames for Rosette
[2026-02-14 10:13:57] Cleaning up existing output directory: E:\N.I.N.A\Rosette\PixInsight
[2026-02-14 10:13:57] === WBPP Automation for Rosette ===
[2026-02-14 10:13:57] Output dir: E:\N.I.N.A\Rosette\PixInsight
[2026-02-14 10:13:57] Total light files from DB: 3
[2026-02-14 10:13:57]   Filter S: 3 files
[2026-02-14 10:13:57] Loaded 176 params from XPSM template
[2026-02-14 10:13:57]   Fixed 22 boolean params (false→''): overscanRegionEnabled_1, platesolveFallbackManual, localNormalizationGenerateImages, enableCompactGUI, distortionCorrection, flatsLargeScaleRejection, overscanRegionEnabled_3, useTriangleSimilarity, groupingKeywordsEnabled, overscanEnabled, lightsLargeScaleRejectionHigh, usePipelineScript, generateRejectionMaps, overscanRegionEnabled_4, imageSolverForceDefaults, linearPatternSubtraction, lightsLargeScaleRejectionLow, allowClusteredSources, localNormalizationInteractiveMode, recombineRGB, overscanRegionEnabled_2, smartNamingOverride
[2026-02-14 10:13:57] Calibration: dark=F:/nina2/Calibration/Dark/PixInsight/master/masterDark_BIN-1_6248x4176_EXPOSURE-300.00s.xisf, bias=F:/nina2/Calibration/Dark/PixInsight/master/masterDark_BIN-1_6248x4176_EXPOSURE-0.00s.xisf
[2026-02-14 10:13:57] Calibration flats: {'l': 'F:/nina2/Calibration/FLAT/PixInsight/master/masterFlat_BIN-1_6248x4176_FILTER-l_mono.xisf', 'r': 'F:/nina2/Calibration/FLAT/PixInsight/master/masterFlat_BIN-1_6248x4176_FILTER-r_mono.xisf', 'g': 'F:/nina2/Calibration/FLAT/PixInsight/master/masterFlat_BIN-1_6248x4176_FILTER-g_mono.xisf', 'b': 'F:/nina2/Calibration/FLAT/PixInsight/master/masterFlat_BIN-1_6248x4176_FILTER-b_mono.xisf', 's': 'F:/nina2/Calibration/FLAT/PixInsight/master/masterFlat_BIN-1_6248x4176_FILTER-s_mono.xisf', 'h': 'F:/nina2/Calibration/FLAT/PixInsight/master/masterFlat_BIN-1_6248x4176_FILTER-h_mono.xisf', 'o': 'F:/nina2/Calibration/FLAT/PixInsight/master/masterFlat_BIN-1_6248x4176_FILTER-o_mono.xisf'}
[2026-02-14 10:13:57]   Updated BIAS group -> F:/nina2/Calibration/Dark/PixInsight/master/masterDark_BIN-1_6248x4176_EXPOSURE-0.00s.xisf
[2026-02-14 10:13:57]   Updated DARK group -> F:/nina2/Calibration/Dark/PixInsight/master/masterDark_BIN-1_6248x4176_EXPOSURE-300.00s.xisf
[2026-02-14 10:13:57]   Updated FLAT group (filter=b) -> F:/nina2/Calibration/FLAT/PixInsight/master/masterFlat_BIN-1_6248x4176_FILTER-b_mono.xisf
[2026-02-14 10:13:57]   Updated FLAT group (filter=g) -> F:/nina2/Calibration/FLAT/PixInsight/master/masterFlat_BIN-1_6248x4176_FILTER-g_mono.xisf
[2026-02-14 10:13:57]   Updated FLAT group (filter=h) -> F:/nina2/Calibration/FLAT/PixInsight/master/masterFlat_BIN-1_6248x4176_FILTER-h_mono.xisf
[2026-02-14 10:13:57]   Updated FLAT group (filter=l) -> F:/nina2/Calibration/FLAT/PixInsight/master/masterFlat_BIN-1_6248x4176_FILTER-l_mono.xisf
[2026-02-14 10:13:57]   Updated FLAT group (filter=o) -> F:/nina2/Calibration/FLAT/PixInsight/master/masterFlat_BIN-1_6248x4176_FILTER-o_mono.xisf
[2026-02-14 10:13:57]   Updated FLAT group (filter=r) -> F:/nina2/Calibration/FLAT/PixInsight/master/masterFlat_BIN-1_6248x4176_FILTER-r_mono.xisf
[2026-02-14 10:13:57]   Updated FLAT group (filter=s) -> F:/nina2/Calibration/FLAT/PixInsight/master/masterFlat_BIN-1_6248x4176_FILTER-s_mono.xisf
[2026-02-14 10:13:57]   Removing old LIGHT group (filter=s)
[2026-02-14 10:13:57]   Removing old LIGHT group (filter=s)
[2026-02-14 10:13:57]   Added LIGHT group: filter=S, 3 files
[2026-02-14 10:13:57] DEBUG: First group JSON: {
  "imageType": 0,
  "binning": 1,
  "hasMaster": true,
  "exposureTime": 0,
  "filter": "",
  "exposureTimes": [
    0
  ],
  "optimizeMasterDark": false,
  "size": {
    "width": 6248,
    "height": 4176
  },
  "isCFA": false,
  "CFAPattern": 0,
  "debayerMethod": 2,
  "separateCFAFlatScalingFactors": false,
  "keywords": {},
  "mode": 1,
  "fileItems": [
    {
      "filePath": "F:/nina2/Calibration/Dark/PixInsight/master/masterDark_BIN-1_6248x4176_EXPOSURE-0.00s.xisf",
      "imageType": 0,
      "binning": 1,
      "filter": "",
      "exposureTime": 0,
      "fileKeywords": {
        "COMMENT": "",
        "IMAGETYP": "Master Dark",
        "XBINNING": "1",
        "YBINNING": "1",
        "FILTER": "",
        "EXPTIME": "0.00",
        "INSTRUME": "ZWO ASI2600MM Pro",
        "XPIXSZ": "3.76",
        "YPIXSZ": "3.76",
        "EGAIN": "0.242863",
        "TELESCOP": "askar fra400",
        "FOCALLEN": "400",
        "OBJECT": "Target",
        "RA": "358.8853639996715",
        "OBJCTRA": "23 55 32.487",
        "DEC": "89.85463614971177",
        "OBJCTDEC": "+89 51 16.69",
        "EQUINOX": "2000",
        "DATE-OBS": "2025-10-08T10:09:39.879",
        "DATE-END": "2025-10-08T10:19:16.833",
        "OBSGEO-L": "-99.38222222",
        "LONG-OBS": "-99.38222222",
        "OBSGEO-B": "31.54694444",
        "LAT-OBS": "31.54694444",
        "OBSGEO-H": "472",
        "ALT-OBS": "472"
      },
      "enabled": true,
      "size": {
        "width": 6248,
        "height": 4176
      },
      "matchingSizes": {
        "1": {
          "width": 6248,
          "height": 4176
        },
        "2": {
          "width": 6248,
          "height": 4176
        }
      },
      "createdWithSmartNamingEnabled": false,
      "solverParams": {
        "observationDate": "2025-10-08T17:09:39.879",
        "ra": 358.8853639996715,
        "dec": 89.85463614971177,
        "pixelSize": 3.76,
        "focalLength": 400
      },
      "isCFA": false,
      "isMaster": true,
      "keywords": {},
      "overscan": {
        "enabled": false,
        "overscan": [
          {
            "enabled": false,
            "sourceRect": {},
            "targetRect": {}
          },
          {
            "enabled": false,
            "sourceRect": {},
            "targetRect": {}
          },
          {
            "enabled": false,
            "sourceRect": {},
            "targetRect": {}
          },
          {
            "enabled": false,
            "sourceRect": {},
            "targetRect": {}
          }
        ],
        "imageRect": {}
      },
      "processed": {},
      "current": {
        "default": "F:/nina2/Calibration/Dark/PixInsight/master/masterDark_BIN-1_6248x4176_EXPOSURE-0.00s.xisf"
      },
      "descriptor": {},
      "localNormalizationFile": {},
      "drizzleFile": {},
      "isReference": {
        "default": false
      }
    }
  ],
  "lightOutputPedestalMode": 1,
  "lightOutputPedestal": 0,
  "lightOutputPedestalLimit": 0.0001,
  "drizzleData": {
    "enabled": false,
    "scale": 1,
    "dropShrink": 0.9,
    "function": 0,
    "gridSize": 16
  },
  "isHidden": false,
  "isActive": true,
  "CCTemplate": "",
  "footerLengthForCurrentHeader": 0,
  "masterFiles": {},
  "forceNoDark": false,
  "forceNoFlat": false,
  "id": "0_1__0_mono__1_none_6248x4176",
  "__counter__": 1
}
[2026-02-14 10:13:57] Rebuilt groups: 10 total groups
[2026-02-14 10:13:57] Pre-flight: 1 LIGHT group(s), 9 calibration group(s)
[2026-02-14 10:13:57] Generated testFile: C:\Users\pppad\OneDrive\Desktop\NebulaPilot\wbpp_Rosette.wbpptest
[2026-02-14 10:13:57]   outputDirectory: E:/N.I.N.A/Rosette/PixInsight
[2026-02-14 10:13:57]   VERSION: 2.5.9
[2026-02-14 10:13:57] Command: "D:/Program Files/PixInsight/bin/PixInsight.exe" -n --automation-mode --force-exit -r="C:/Users/pppad/OneDrive/Desktop/NebulaPilot/wbpp_Rosette.runner.js,automationMode=true,testFile=C:/Users/pppad/OneDrive/Desktop/NebulaPilot/wbpp_Rosette.wbpptest,outputDir=E:/N.I.N.A/Rosette/PixInsight"
[2026-02-14 10:13:57] Popen started, PID: 4016
[2026-02-14 10:14:23] App requesting launch for NGC 2170 with PI Path: D:/Program Files/PixInsight/bin/PixInsight.exe
[2026-02-14 10:14:23] Found 1 light frames for NGC 2170
[2026-02-14 10:14:23] Cleaning up existing output directory: E:\N.I.N.A\NGC 2170\PixInsight
[2026-02-14 10:14:23] === WBPP Automation for NGC 2170 ===
[2026-02-14 10:14:23] Output dir: E:\N.I.N.A\NGC 2170\PixInsight
[2026-02-14 10:14:23] Total light files from DB: 1
[2026-02-14 10:14:23]   Filter G: 1 files
[2026-02-14 10:14:23] Loaded 176 params from XPSM template
[2026-02-14 10:14:23]   Fixed 22 boolean params (false→''): overscanRegionEnabled_1, platesolveFallbackManual, localNormalizationGenerateImages, enableCompactGUI, distortionCorrection, flatsLargeScaleRejection, overscanRegionEnabled_3, useTriangleSimilarity, groupingKeywordsEnabled, overscanEnabled, lightsLargeScaleRejectionHigh, usePipelineScript, generateRejectionMaps, overscanRegionEnabled_4, imageSolverForceDefaults, linearPatternSubtraction, lightsLargeScaleRejectionLow, allowClusteredSources, localNormalizationInteractiveMode, recombineRGB, overscanRegionEnabled_2, smartNamingOverride
[2026-02-14 10:14:23] Calibration: dark=F:/nina2/Calibration/Dark/PixInsight/master/masterDark_BIN-1_6248x4176_EXPOSURE-300.00s.xisf, bias=F:/nina2/Calibration/Dark/PixInsight/master/masterDark_BIN-1_6248x4176_EXPOSURE-0.00s.xisf
[2026-02-14 10:14:23] Calibration flats: {'l': 'F:/nina2/Calibration/FLAT/PixInsight/master/masterFlat_BIN-1_6248x4176_FILTER-l_mono.xisf', 'r': 'F:/nina2/Calibration/FLAT/PixInsight/master/masterFlat_BIN-1_6248x4176_FILTER-r_mono.xisf', 'g': 'F:/nina2/Calibration/FLAT/PixInsight/master/masterFlat_BIN-1_6248x4176_FILTER-g_mono.xisf', 'b': 'F:/nina2/Calibration/FLAT/PixInsight/master/masterFlat_BIN-1_6248x4176_FILTER-b_mono.xisf', 's': 'F:/nina2/Calibration/FLAT/PixInsight/master/masterFlat_BIN-1_6248x4176_FILTER-s_mono.xisf', 'h': 'F:/nina2/Calibration/FLAT/PixInsight/master/masterFlat_BIN-1_6248x4176_FILTER-h_mono.xisf', 'o': 'F:/nina2/Calibration/FLAT/PixInsight/master/masterFlat_BIN-1_6248x4176_FILTER-o_mono.xisf'}
[2026-02-14 10:14:23]   Updated BIAS group -> F:/nina2/Calibration/Dark/PixInsight/master/masterDark_BIN-1_6248x4176_EXPOSURE-0.00s.xisf
[2026-02-14 10:14:23]   Updated DARK group -> F:/nina2/Calibration/Dark/PixInsight/master/masterDark_BIN-1_6248x4176_EXPOSURE-300.00s.xisf
[2026-02-14 10:14:23]   Updated FLAT group (filter=b) -> F:/nina2/Calibration/FLAT/PixInsight/master/masterFlat_BIN-1_6248x4176_FILTER-b_mono.xisf
[2026-02-14 10:14:23]   Updated FLAT group (filter=g) -> F:/nina2/Calibration/FLAT/PixInsight/master/masterFlat_BIN-1_6248x4176_FILTER-g_mono.xisf
[2026-02-14 10:14:23]   Updated FLAT group (filter=h) -> F:/nina2/Calibration/FLAT/PixInsight/master/masterFlat_BIN-1_6248x4176_FILTER-h_mono.xisf
[2026-02-14 10:14:23]   Updated FLAT group (filter=l) -> F:/nina2/Calibration/FLAT/PixInsight/master/masterFlat_BIN-1_6248x4176_FILTER-l_mono.xisf
[2026-02-14 10:14:23]   Updated FLAT group (filter=o) -> F:/nina2/Calibration/FLAT/PixInsight/master/masterFlat_BIN-1_6248x4176_FILTER-o_mono.xisf
[2026-02-14 10:14:23]   Updated FLAT group (filter=r) -> F:/nina2/Calibration/FLAT/PixInsight/master/masterFlat_BIN-1_6248x4176_FILTER-r_mono.xisf
[2026-02-14 10:14:23]   Updated FLAT group (filter=s) -> F:/nina2/Calibration/FLAT/PixInsight/master/masterFlat_BIN-1_6248x4176_FILTER-s_mono.xisf
[2026-02-14 10:14:23]   Removing old LIGHT group (filter=s)
[2026-02-14 10:14:23]   Removing old LIGHT group (filter=s)
[2026-02-14 10:14:23]   Added LIGHT group: filter=G, 1 files
[2026-02-14 10:14:23] DEBUG: First group JSON: {
  "imageType": 0,
  "binning": 1,
  "hasMaster": true,
  "exposureTime": 0,
  "filter": "",
  "exposureTimes": [
    0
  ],
  "optimizeMasterDark": false,
  "size": {
    "width": 6248,
    "height": 4176
  },
  "isCFA": false,
  "CFAPattern": 0,
  "debayerMethod": 2,
  "separateCFAFlatScalingFactors": false,
  "keywords": {},
  "mode": 1,
  "fileItems": [
    {
      "filePath": "F:/nina2/Calibration/Dark/PixInsight/master/masterDark_BIN-1_6248x4176_EXPOSURE-0.00s.xisf",
      "imageType": 0,
      "binning": 1,
      "filter": "",
      "exposureTime": 0,
      "fileKeywords": {
        "COMMENT": "",
        "IMAGETYP": "Master Dark",
        "XBINNING": "1",
        "YBINNING": "1",
        "FILTER": "",
        "EXPTIME": "0.00",
        "INSTRUME": "ZWO ASI2600MM Pro",
        "XPIXSZ": "3.76",
        "YPIXSZ": "3.76",
        "EGAIN": "0.242863",
        "TELESCOP": "askar fra400",
        "FOCALLEN": "400",
        "OBJECT": "Target",
        "RA": "358.8853639996715",
        "OBJCTRA": "23 55 32.487",
        "DEC": "89.85463614971177",
        "OBJCTDEC": "+89 51 16.69",
        "EQUINOX": "2000",
        "DATE-OBS": "2025-10-08T10:09:39.879",
        "DATE-END": "2025-10-08T10:19:16.833",
        "OBSGEO-L": "-99.38222222",
        "LONG-OBS": "-99.38222222",
        "OBSGEO-B": "31.54694444",
        "LAT-OBS": "31.54694444",
        "OBSGEO-H": "472",
        "ALT-OBS": "472"
      },
      "enabled": true,
      "size": {
        "width": 6248,
        "height": 4176
      },
      "matchingSizes": {
        "1": {
          "width": 6248,
          "height": 4176
        },
        "2": {
          "width": 6248,
          "height": 4176
        }
      },
      "createdWithSmartNamingEnabled": false,
      "solverParams": {
        "observationDate": "2025-10-08T17:09:39.879",
        "ra": 358.8853639996715,
        "dec": 89.85463614971177,
        "pixelSize": 3.76,
        "focalLength": 400
      },
      "isCFA": false,
      "isMaster": true,
      "keywords": {},
      "overscan": {
        "enabled": false,
        "overscan": [
          {
            "enabled": false,
            "sourceRect": {},
            "targetRect": {}
          },
          {
            "enabled": false,
            "sourceRect": {},
            "targetRect": {}
          },
          {
            "enabled": false,
            "sourceRect": {},
            "targetRect": {}
          },
          {
            "enabled": false,
            "sourceRect": {},
            "targetRect": {}
          }
        ],
        "imageRect": {}
      },
      "processed": {},
      "current": {
        "default": "F:/nina2/Calibration/Dark/PixInsight/master/masterDark_BIN-1_6248x4176_EXPOSURE-0.00s.xisf"
      },
      "descriptor": {},
      "localNormalizationFile": {},
      "drizzleFile": {},
      "isReference": {
        "default": false
      }
    }
  ],
  "lightOutputPedestalMode": 1,
  "lightOutputPedestal": 0,
  "lightOutputPedestalLimit": 0.0001,
  "drizzleData": {
    "enabled": false,
    "scale": 1,
    "dropShrink": 0.9,
    "function": 0,
    "gridSize": 16
  },
  "isHidden": false,
  "isActive": true,
  "CCTemplate": "",
  "footerLengthForCurrentHeader": 0,
  "masterFiles": {},
  "forceNoDark": false,
  "forceNoFlat": false,
  "id": "0_1__0_mono__1_none_6248x4176",
  "__counter__": 1
}
[2026-02-14 10:14:23] Rebuilt groups: 10 total groups
[2026-02-14 10:14:23] Pre-flight: 1 LIGHT group(s), 9 calibration group(s)
[2026-02-14 10:14:23] Generated testFile: C:\Users\pppad\OneDrive\Desktop\NebulaPilot\wbpp_NGC 2170.wbpptest
[2026-02-14 10:14:23]   outputDirectory: E:/N.I.N.A/NGC 2170/PixInsight
[2026-02-14 10:14:23]   VERSION: 2.5.9
[2026-02-14 10:14:23] Command: "D:/Program Files/PixInsight/bin/PixInsight.exe" -n --automation-mode --force-exit -r="C:/Users/pppad/OneDrive/Desktop/NebulaPilot/wbpp_NGC 2170.runner.js,automationMode=true,testFile=C:/Users/pppad/OneDrive/Desktop/NebulaPilot/wbpp_NGC 2170.wbpptest,outputDir=E:/N.I.N.A/NGC 2170/PixInsight"
[2026-02-14 10:14:23] Popen started, PID: 23560
[2026-02-14 10:14:52] App requesting launch for Rosette with PI Path: D:/Program Files/PixInsight/bin/PixInsight.exe
[2026-02-14 10:14:52] Found 3 light frames for Rosette
[2026-02-14 10:14:52] Cleaning up existing output directory: E:\N.I.N.A\Rosette\PixInsight
[2026-02-14 10:14:52] === WBPP Automation for Rosette ===
[2026-02-14 10:14:52] Output dir: E:\N.I.N.A\Rosette\PixInsight
[2026-02-14 10:14:52] Total light files from DB: 3
[2026-02-14 10:14:52]   Filter S: 3 files
[2026-02-14 10:14:52] Loaded 176 params from XPSM template
[2026-02-14 10:14:52]   Fixed 22 boolean params (false→''): overscanRegionEnabled_1, platesolveFallbackManual, localNormalizationGenerateImages, enableCompactGUI, distortionCorrection, flatsLargeScaleRejection, overscanRegionEnabled_3, useTriangleSimilarity, groupingKeywordsEnabled, overscanEnabled, lightsLargeScaleRejectionHigh, usePipelineScript, generateRejectionMaps, overscanRegionEnabled_4, imageSolverForceDefaults, linearPatternSubtraction, lightsLargeScaleRejectionLow, allowClusteredSources, localNormalizationInteractiveMode, recombineRGB, overscanRegionEnabled_2, smartNamingOverride
[2026-02-14 10:14:52] Calibration: dark=F:/nina2/Calibration/Dark/PixInsight/master/masterDark_BIN-1_6248x4176_EXPOSURE-300.00s.xisf, bias=F:/nina2/Calibration/Dark/PixInsight/master/masterDark_BIN-1_6248x4176_EXPOSURE-0.00s.xisf
[2026-02-14 10:14:52] Calibration flats: {'l': 'F:/nina2/Calibration/FLAT/PixInsight/master/masterFlat_BIN-1_6248x4176_FILTER-l_mono.xisf', 'r': 'F:/nina2/Calibration/FLAT/PixInsight/master/masterFlat_BIN-1_6248x4176_FILTER-r_mono.xisf', 'g': 'F:/nina2/Calibration/FLAT/PixInsight/master/masterFlat_BIN-1_6248x4176_FILTER-g_mono.xisf', 'b': 'F:/nina2/Calibration/FLAT/PixInsight/master/masterFlat_BIN-1_6248x4176_FILTER-b_mono.xisf', 's': 'F:/nina2/Calibration/FLAT/PixInsight/master/masterFlat_BIN-1_6248x4176_FILTER-s_mono.xisf', 'h': 'F:/nina2/Calibration/FLAT/PixInsight/master/masterFlat_BIN-1_6248x4176_FILTER-h_mono.xisf', 'o': 'F:/nina2/Calibration/FLAT/PixInsight/master/masterFlat_BIN-1_6248x4176_FILTER-o_mono.xisf'}
[2026-02-14 10:14:52]   Updated BIAS group -> F:/nina2/Calibration/Dark/PixInsight/master/masterDark_BIN-1_6248x4176_EXPOSURE-0.00s.xisf
[2026-02-14 10:14:52]   Updated DARK group -> F:/nina2/Calibration/Dark/PixInsight/master/masterDark_BIN-1_6248x4176_EXPOSURE-300.00s.xisf
[2026-02-14 10:14:52]   Updated FLAT group (filter=b) -> F:/nina2/Calibration/FLAT/PixInsight/master/masterFlat_BIN-1_6248x4176_FILTER-b_mono.xisf
[2026-02-14 10:14:52]   Updated FLAT group (filter=g) -> F:/nina2/Calibration/FLAT/PixInsight/master/masterFlat_BIN-1_6248x4176_FILTER-g_mono.xisf
[2026-02-14 10:14:52]   Updated FLAT group (filter=h) -> F:/nina2/Calibration/FLAT/PixInsight/master/masterFlat_BIN-1_6248x4176_FILTER-h_mono.xisf
[2026-02-14 10:14:52]   Updated FLAT group (filter=l) -> F:/nina2/Calibration/FLAT/PixInsight/master/masterFlat_BIN-1_6248x4176_FILTER-l_mono.xisf
[2026-02-14 10:14:52]   Updated FLAT group (filter=o) -> F:/nina2/Calibration/FLAT/PixInsight/master/masterFlat_BIN-1_6248x4176_FILTER-o_mono.xisf
[2026-02-14 10:14:52]   Updated FLAT group (filter=r) -> F:/nina2/Calibration/FLAT/PixInsight/master/masterFlat_BIN-1_6248x4176_FILTER-r_mono.xisf
[2026-02-14 10:14:52]   Updated FLAT group (filter=s) -> F:/nina2/Calibration/FLAT/PixInsight/master/masterFlat_BIN-1_6248x4176_FILTER-s_mono.xisf
[2026-02-14 10:14:52]   Removing old LIGHT group (filter=s)
[2026-02-14 10:14:52]   Removing old LIGHT group (filter=s)
[2026-02-14 10:14:52]   Added LIGHT group: filter=S, 3 files
[2026-02-14 10:14:52] DEBUG: First group JSON: {
  "imageType": 0,
  "binning": 1,
  "hasMaster": true,
  "exposureTime": 0,
  "filter": "",
  "exposureTimes": [
    0
  ],
  "optimizeMasterDark": false,
  "size": {
    "width": 6248,
    "height": 4176
  },
  "isCFA": false,
  "CFAPattern": 0,
  "debayerMethod": 2,
  "separateCFAFlatScalingFactors": false,
  "keywords": {},
  "mode": 1,
  "fileItems": [
    {
      "filePath": "F:/nina2/Calibration/Dark/PixInsight/master/masterDark_BIN-1_6248x4176_EXPOSURE-0.00s.xisf",
      "imageType": 0,
      "binning": 1,
      "filter": "",
      "exposureTime": 0,
      "fileKeywords": {
        "COMMENT": "",
        "IMAGETYP": "Master Dark",
        "XBINNING": "1",
        "YBINNING": "1",
        "FILTER": "",
        "EXPTIME": "0.00",
        "INSTRUME": "ZWO ASI2600MM Pro",
        "XPIXSZ": "3.76",
        "YPIXSZ": "3.76",
        "EGAIN": "0.242863",
        "TELESCOP": "askar fra400",
        "FOCALLEN": "400",
        "OBJECT": "Target",
        "RA": "358.8853639996715",
        "OBJCTRA": "23 55 32.487",
        "DEC": "89.85463614971177",
        "OBJCTDEC": "+89 51 16.69",
        "EQUINOX": "2000",
        "DATE-OBS": "2025-10-08T10:09:39.879",
        "DATE-END": "2025-10-08T10:19:16.833",
        "OBSGEO-L": "-99.38222222",
        "LONG-OBS": "-99.38222222",
        "OBSGEO-B": "31.54694444",
        "LAT-OBS": "31.54694444",
        "OBSGEO-H": "472",
        "ALT-OBS": "472"
      },
      "enabled": true,
      "size": {
        "width": 6248,
        "height": 4176
      },
      "matchingSizes": {
        "1": {
          "width": 6248,
          "height": 4176
        },
        "2": {
          "width": 6248,
          "height": 4176
        }
      },
      "createdWithSmartNamingEnabled": false,
      "solverParams": {
        "observationDate": "2025-10-08T17:09:39.879",
        "ra": 358.8853639996715,
        "dec": 89.85463614971177,
        "pixelSize": 3.76,
        "focalLength": 400
      },
      "isCFA": false,
      "isMaster": true,
      "keywords": {},
      "overscan": {
        "enabled": false,
        "overscan": [
          {
            "enabled": false,
            "sourceRect": {},
            "targetRect": {}
          },
          {
            "enabled": false,
            "sourceRect": {},
            "targetRect": {}
          },
          {
            "enabled": false,
            "sourceRect": {},
            "targetRect": {}
          },
          {
            "enabled": false,
            "sourceRect": {},
            "targetRect": {}
          }
        ],
        "imageRect": {}
      },
      "processed": {},
      "current": {
        "default": "F:/nina2/Calibration/Dark/PixInsight/master/masterDark_BIN-1_6248x4176_EXPOSURE-0.00s.xisf"
      },
      "descriptor": {},
      "localNormalizationFile": {},
      "drizzleFile": {},
      "isReference": {
        "default": false
      }
    }
  ],
  "lightOutputPedestalMode": 1,
  "lightOutputPedestal": 0,
  "lightOutputPedestalLimit": 0.0001,
  "drizzleData": {
    "enabled": false,
    "scale": 1,
    "dropShrink": 0.9,
    "function": 0,
    "gridSize": 16
  },
  "isHidden": false,
  "isActive": true,
  "CCTemplate": "",
  "footerLengthForCurrentHeader": 0,
  "masterFiles": {},
  "forceNoDark": false,
  "forceNoFlat": false,
  "id": "0_1__0_mono__1_none_6248x4176",
  "__counter__": 1
}
[2026-02-14 10:14:52] Rebuilt groups: 10 total groups
[2026-02-14 10:14:52] Pre-flight: 1 LIGHT group(s), 9 calibration group(s)
[2026-02-14 10:14:52] Generated testFile: C:\Users\pppad\OneDrive\Desktop\NebulaPilot\wbpp_Rosette.wbpptest
[2026-02-14 10:14:52]   outputDirectory: E:/N.I.N.A/Rosette/PixInsight
[2026-02-14 10:14:52]   VERSION: 2.5.9
[2026-02-14 10:14:52] Command: "D:/Program Files/PixInsight/bin/PixInsight.exe" -n --automation-mode --force-exit -r="C:/Users/pppad/OneDrive/Desktop/NebulaPilot/wbpp_Rosette.runner.js,automationMode=true,testFile=C:/Users/pppad/OneDrive/Desktop/NebulaPilot/wbpp_Rosette.wbpptest,outputDir=E:/N.I.N.A/Rosette/PixInsight"
[2026-02-14 10:14:52] Popen started, PID: 27524
[2026-02-14 10:16:21] App requesting launch for Rosette with PI Path: D:/Program Files/PixInsight/bin/PixInsight.exe
[2026-02-14 10:16:21] Found 3 light frames for Rosette
[2026-02-14 10:16:21] Cleaning up existing output directory: E:\N.I.N.A\Rosette\PixInsight
[2026-02-14 10:16:21] === WBPP Automation for Rosette ===
[2026-02-14 10:16:21] Output dir: E:\N.I.N.A\Rosette\PixInsight
[2026-02-14 10:16:21] Total light files from DB: 3
[2026-02-14 10:16:21]   Filter S: 3 files
[2026-02-14 10:16:21] Loaded 176 params from XPSM template
[2026-02-14 10:16:21]   Fixed 22 boolean params (false→''): lightsLargeScaleRejectionHigh, localNormalizationGenerateImages, usePipelineScript, useTriangleSimilarity, overscanEnabled, overscanRegionEnabled_4, generateRejectionMaps, enableCompactGUI, smartNamingOverride, flatsLargeScaleRejection, lightsLargeScaleRejectionLow, overscanRegionEnabled_3, platesolveFallbackManual, allowClusteredSources, groupingKeywordsEnabled, linearPatternSubtraction, overscanRegionEnabled_1, distortionCorrection, imageSolverForceDefaults, localNormalizationInteractiveMode, recombineRGB, overscanRegionEnabled_2
[2026-02-14 10:16:21] Calibration: dark=F:/nina2/Calibration/Dark/PixInsight/master/masterDark_BIN-1_6248x4176_EXPOSURE-300.00s.xisf, bias=F:/nina2/Calibration/Dark/PixInsight/master/masterDark_BIN-1_6248x4176_EXPOSURE-0.00s.xisf
[2026-02-14 10:16:21] Calibration flats: {'l': 'F:/nina2/Calibration/FLAT/PixInsight/master/masterFlat_BIN-1_6248x4176_FILTER-l_mono.xisf', 'r': 'F:/nina2/Calibration/FLAT/PixInsight/master/masterFlat_BIN-1_6248x4176_FILTER-r_mono.xisf', 'g': 'F:/nina2/Calibration/FLAT/PixInsight/master/masterFlat_BIN-1_6248x4176_FILTER-g_mono.xisf', 'b': 'F:/nina2/Calibration/FLAT/PixInsight/master/masterFlat_BIN-1_6248x4176_FILTER-b_mono.xisf', 's': 'F:/nina2/Calibration/FLAT/PixInsight/master/masterFlat_BIN-1_6248x4176_FILTER-s_mono.xisf', 'h': 'F:/nina2/Calibration/FLAT/PixInsight/master/masterFlat_BIN-1_6248x4176_FILTER-h_mono.xisf', 'o': 'F:/nina2/Calibration/FLAT/PixInsight/master/masterFlat_BIN-1_6248x4176_FILTER-o_mono.xisf'}
[2026-02-14 10:16:21]   Updated BIAS group -> F:/nina2/Calibration/Dark/PixInsight/master/masterDark_BIN-1_6248x4176_EXPOSURE-0.00s.xisf
[2026-02-14 10:16:21]   Updated DARK group -> F:/nina2/Calibration/Dark/PixInsight/master/masterDark_BIN-1_6248x4176_EXPOSURE-300.00s.xisf
[2026-02-14 10:16:21]   Updated FLAT group (filter=b) -> F:/nina2/Calibration/FLAT/PixInsight/master/masterFlat_BIN-1_6248x4176_FILTER-b_mono.xisf
[2026-02-14 10:16:21]   Updated FLAT group (filter=g) -> F:/nina2/Calibration/FLAT/PixInsight/master/masterFlat_BIN-1_6248x4176_FILTER-g_mono.xisf
[2026-02-14 10:16:21]   Updated FLAT group (filter=h) -> F:/nina2/Calibration/FLAT/PixInsight/master/masterFlat_BIN-1_6248x4176_FILTER-h_mono.xisf
[2026-02-14 10:16:21]   Updated FLAT group (filter=l) -> F:/nina2/Calibration/FLAT/PixInsight/master/masterFlat_BIN-1_6248x4176_FILTER-l_mono.xisf
[2026-02-14 10:16:21]   Updated FLAT group (filter=o) -> F:/nina2/Calibration/FLAT/PixInsight/master/masterFlat_BIN-1_6248x4176_FILTER-o_mono.xisf
[2026-02-14 10:16:21]   Updated FLAT group (filter=r) -> F:/nina2/Calibration/FLAT/PixInsight/master/masterFlat_BIN-1_6248x4176_FILTER-r_mono.xisf
[2026-02-14 10:16:21]   Updated FLAT group (filter=s) -> F:/nina2/Calibration/FLAT/PixInsight/master/masterFlat_BIN-1_6248x4176_FILTER-s_mono.xisf
[2026-02-14 10:16:21]   Removing old LIGHT group (filter=s)
[2026-02-14 10:16:21]   Removing old LIGHT group (filter=s)
[2026-02-14 10:16:21]   Added LIGHT group: filter=S, 3 files
[2026-02-14 10:16:21] DEBUG: First group JSON: {
  "imageType": 0,
  "binning": 1,
  "hasMaster": true,
  "exposureTime": 0,
  "filter": "",
  "exposureTimes": [
    0
  ],
  "optimizeMasterDark": false,
  "size": {
    "width": 6248,
    "height": 4176
  },
  "isCFA": false,
  "CFAPattern": 0,
  "debayerMethod": 2,
  "separateCFAFlatScalingFactors": false,
  "keywords": {},
  "mode": 1,
  "fileItems": [
    {
      "filePath": "F:/nina2/Calibration/Dark/PixInsight/master/masterDark_BIN-1_6248x4176_EXPOSURE-0.00s.xisf",
      "imageType": 0,
      "binning": 1,
      "filter": "",
      "exposureTime": 0,
      "fileKeywords": {
        "COMMENT": "",
        "IMAGETYP": "Master Dark",
        "XBINNING": "1",
        "YBINNING": "1",
        "FILTER": "",
        "EXPTIME": "0.00",
        "INSTRUME": "ZWO ASI2600MM Pro",
        "XPIXSZ": "3.76",
        "YPIXSZ": "3.76",
        "EGAIN": "0.242863",
        "TELESCOP": "askar fra400",
        "FOCALLEN": "400",
        "OBJECT": "Target",
        "RA": "358.8853639996715",
        "OBJCTRA": "23 55 32.487",
        "DEC": "89.85463614971177",
        "OBJCTDEC": "+89 51 16.69",
        "EQUINOX": "2000",
        "DATE-OBS": "2025-10-08T10:09:39.879",
        "DATE-END": "2025-10-08T10:19:16.833",
        "OBSGEO-L": "-99.38222222",
        "LONG-OBS": "-99.38222222",
        "OBSGEO-B": "31.54694444",
        "LAT-OBS": "31.54694444",
        "OBSGEO-H": "472",
        "ALT-OBS": "472"
      },
      "enabled": true,
      "size": {
        "width": 6248,
        "height": 4176
      },
      "matchingSizes": {
        "1": {
          "width": 6248,
          "height": 4176
        },
        "2": {
          "width": 6248,
          "height": 4176
        }
      },
      "createdWithSmartNamingEnabled": false,
      "solverParams": {
        "observationDate": "2025-10-08T17:09:39.879",
        "ra": 358.8853639996715,
        "dec": 89.85463614971177,
        "pixelSize": 3.76,
        "focalLength": 400
      },
      "isCFA": false,
      "isMaster": true,
      "keywords": {},
      "overscan": {
        "enabled": false,
        "overscan": [
          {
            "enabled": false,
            "sourceRect": {},
            "targetRect": {}
          },
          {
            "enabled": false,
            "sourceRect": {},
            "targetRect": {}
          },
          {
            "enabled": false,
            "sourceRect": {},
            "targetRect": {}
          },
          {
            "enabled": false,
            "sourceRect": {},
            "targetRect": {}
          }
        ],
        "imageRect": {}
      },
      "processed": {},
      "current": {
        "default": "F:/nina2/Calibration/Dark/PixInsight/master/masterDark_BIN-1_6248x4176_EXPOSURE-0.00s.xisf"
      },
      "descriptor": {},
      "localNormalizationFile": {},
      "drizzleFile": {},
      "isReference": {
        "default": false
      }
    }
  ],
  "lightOutputPedestalMode": 1,
  "lightOutputPedestal": 0,
  "lightOutputPedestalLimit": 0.0001,
  "drizzleData": {
    "enabled": false,
    "scale": 1,
    "dropShrink": 0.9,
    "function": 0,
    "gridSize": 16
  },
  "isHidden": false,
  "isActive": true,
  "CCTemplate": "",
  "footerLengthForCurrentHeader": 0,
  "masterFiles": {},
  "forceNoDark": false,
  "forceNoFlat": false,
  "id": "0_1__0_mono__1_none_6248x4176",
  "__counter__": 1
}
[2026-02-14 10:16:21] Rebuilt groups: 10 total groups
[2026-02-14 10:16:21] Pre-flight: 1 LIGHT group(s), 9 calibration group(s)
[2026-02-14 10:16:21] Generated testFile: C:\Users\pppad\OneDrive\Desktop\NebulaPilot\wbpp_Rosette.wbpptest
[2026-02-14 10:16:21]   outputDirectory: E:/N.I.N.A/Rosette/PixInsight
[2026-02-14 10:16:21]   VERSION: 2.5.9
[2026-02-14 10:16:21] Command: "D:/Program Files/PixInsight/bin/PixInsight.exe" -n --automation-mode -r="C:/Users/pppad/OneDrive/Desktop/NebulaPilot/wbpp_Rosette.runner.js,automationMode=true,testFile=C:/Users/pppad/OneDrive/Desktop/NebulaPilot/wbpp_Rosette.wbpptest,outputDir=E:/N.I.N.A/Rosette/PixInsight"
[2026-02-14 10:16:21] Popen started, PID: 15860
[2026-02-14 10:25:22] App requesting launch for NGC 2170 with PI Path: D:/Program Files/PixInsight/bin/PixInsight.exe
[2026-02-14 10:25:22] Found 1 light frames for NGC 2170
[2026-02-14 10:25:22] Cleaning up existing output directory: E:\N.I.N.A\NGC 2170\PixInsight
[2026-02-14 10:25:22] === WBPP Automation for NGC 2170 ===
[2026-02-14 10:25:22] Output dir: E:\N.I.N.A\NGC 2170\PixInsight
[2026-02-14 10:25:22] Total light files from DB: 1
[2026-02-14 10:25:22]   Filter G: 1 files
[2026-02-14 10:25:22] Loaded 176 params from XPSM template
[2026-02-14 10:25:22]   Fixed 22 boolean params (false→''): distortionCorrection, overscanRegionEnabled_2, groupingKeywordsEnabled, lightsLargeScaleRejectionLow, smartNamingOverride, useTriangleSimilarity, enableCompactGUI, usePipelineScript, overscanRegionEnabled_1, overscanRegionEnabled_3, generateRejectionMaps, localNormalizationInteractiveMode, flatsLargeScaleRejection, recombineRGB, overscanRegionEnabled_4, platesolveFallbackManual, localNormalizationGenerateImages, overscanEnabled, imageSolverForceDefaults, lightsLargeScaleRejectionHigh, allowClusteredSources, linearPatternSubtraction
[2026-02-14 10:25:22] Calibration: dark=F:/nina2/Calibration/Dark/PixInsight/master/masterDark_BIN-1_6248x4176_EXPOSURE-300.00s.xisf, bias=F:/nina2/Calibration/Dark/PixInsight/master/masterDark_BIN-1_6248x4176_EXPOSURE-0.00s.xisf
[2026-02-14 10:25:22] Calibration flats: {'l': 'F:/nina2/Calibration/FLAT/PixInsight/master/masterFlat_BIN-1_6248x4176_FILTER-l_mono.xisf', 'r': 'F:/nina2/Calibration/FLAT/PixInsight/master/masterFlat_BIN-1_6248x4176_FILTER-r_mono.xisf', 'g': 'F:/nina2/Calibration/FLAT/PixInsight/master/masterFlat_BIN-1_6248x4176_FILTER-g_mono.xisf', 'b': 'F:/nina2/Calibration/FLAT/PixInsight/master/masterFlat_BIN-1_6248x4176_FILTER-b_mono.xisf', 's': 'F:/nina2/Calibration/FLAT/PixInsight/master/masterFlat_BIN-1_6248x4176_FILTER-s_mono.xisf', 'h': 'F:/nina2/Calibration/FLAT/PixInsight/master/masterFlat_BIN-1_6248x4176_FILTER-h_mono.xisf', 'o': 'F:/nina2/Calibration/FLAT/PixInsight/master/masterFlat_BIN-1_6248x4176_FILTER-o_mono.xisf'}
[2026-02-14 10:25:22]   Updated BIAS group -> F:/nina2/Calibration/Dark/PixInsight/master/masterDark_BIN-1_6248x4176_EXPOSURE-0.00s.xisf
[2026-02-14 10:25:22]   Updated DARK group -> F:/nina2/Calibration/Dark/PixInsight/master/masterDark_BIN-1_6248x4176_EXPOSURE-300.00s.xisf
[2026-02-14 10:25:22]   Updated FLAT group (filter=b) -> F:/nina2/Calibration/FLAT/PixInsight/master/masterFlat_BIN-1_6248x4176_FILTER-b_mono.xisf
[2026-02-14 10:25:22]   Updated FLAT group (filter=g) -> F:/nina2/Calibration/FLAT/PixInsight/master/masterFlat_BIN-1_6248x4176_FILTER-g_mono.xisf
[2026-02-14 10:25:22]   Updated FLAT group (filter=h) -> F:/nina2/Calibration/FLAT/PixInsight/master/masterFlat_BIN-1_6248x4176_FILTER-h_mono.xisf
[2026-02-14 10:25:22]   Updated FLAT group (filter=l) -> F:/nina2/Calibration/FLAT/PixInsight/master/masterFlat_BIN-1_6248x4176_FILTER-l_mono.xisf
[2026-02-14 10:25:22]   Updated FLAT group (filter=o) -> F:/nina2/Calibration/FLAT/PixInsight/master/masterFlat_BIN-1_6248x4176_FILTER-o_mono.xisf
[2026-02-14 10:25:22]   Updated FLAT group (filter=r) -> F:/nina2/Calibration/FLAT/PixInsight/master/masterFlat_BIN-1_6248x4176_FILTER-r_mono.xisf
[2026-02-14 10:25:22]   Updated FLAT group (filter=s) -> F:/nina2/Calibration/FLAT/PixInsight/master/masterFlat_BIN-1_6248x4176_FILTER-s_mono.xisf
[2026-02-14 10:25:22]   Removing old LIGHT group (filter=s)
[2026-02-14 10:25:22]   Removing old LIGHT group (filter=s)
[2026-02-14 10:25:22]   Added LIGHT group: filter=G, 1 files
[2026-02-14 10:25:22] DEBUG: First group JSON: {
  "imageType": 0,
  "binning": 1,
  "hasMaster": true,
  "exposureTime": 0,
  "filter": "",
  "exposureTimes": [
    0
  ],
  "optimizeMasterDark": false,
  "size": {
    "width": 6248,
    "height": 4176
  },
  "isCFA": false,
  "CFAPattern": 0,
  "debayerMethod": 2,
  "separateCFAFlatScalingFactors": false,
  "keywords": {},
  "mode": 1,
  "fileItems": [
    {
      "filePath": "F:/nina2/Calibration/Dark/PixInsight/master/masterDark_BIN-1_6248x4176_EXPOSURE-0.00s.xisf",
      "imageType": 0,
      "binning": 1,
      "filter": "",
      "exposureTime": 0,
      "fileKeywords": {
        "COMMENT": "",
        "IMAGETYP": "Master Dark",
        "XBINNING": "1",
        "YBINNING": "1",
        "FILTER": "",
        "EXPTIME": "0.00",
        "INSTRUME": "ZWO ASI2600MM Pro",
        "XPIXSZ": "3.76",
        "YPIXSZ": "3.76",
        "EGAIN": "0.242863",
        "TELESCOP": "askar fra400",
        "FOCALLEN": "400",
        "OBJECT": "Target",
        "RA": "358.8853639996715",
        "OBJCTRA": "23 55 32.487",
        "DEC": "89.85463614971177",
        "OBJCTDEC": "+89 51 16.69",
        "EQUINOX": "2000",
        "DATE-OBS": "2025-10-08T10:09:39.879",
        "DATE-END": "2025-10-08T10:19:16.833",
        "OBSGEO-L": "-99.38222222",
        "LONG-OBS": "-99.38222222",
        "OBSGEO-B": "31.54694444",
        "LAT-OBS": "31.54694444",
        "OBSGEO-H": "472",
        "ALT-OBS": "472"
      },
      "enabled": true,
      "size": {
        "width": 6248,
        "height": 4176
      },
      "matchingSizes": {
        "1": {
          "width": 6248,
          "height": 4176
        },
        "2": {
          "width": 6248,
          "height": 4176
        }
      },
      "createdWithSmartNamingEnabled": false,
      "solverParams": {
        "observationDate": "2025-10-08T17:09:39.879",
        "ra": 358.8853639996715,
        "dec": 89.85463614971177,
        "pixelSize": 3.76,
        "focalLength": 400
      },
      "isCFA": false,
      "isMaster": true,
      "keywords": {},
      "overscan": {
        "enabled": false,
        "overscan": [
          {
            "enabled": false,
            "sourceRect": {},
            "targetRect": {}
          },
          {
            "enabled": false,
            "sourceRect": {},
            "targetRect": {}
          },
          {
            "enabled": false,
            "sourceRect": {},
            "targetRect": {}
          },
          {
            "enabled": false,
            "sourceRect": {},
            "targetRect": {}
          }
        ],
        "imageRect": {}
      },
      "processed": {},
      "current": {
        "default": "F:/nina2/Calibration/Dark/PixInsight/master/masterDark_BIN-1_6248x4176_EXPOSURE-0.00s.xisf"
      },
      "descriptor": {},
      "localNormalizationFile": {},
      "drizzleFile": {},
      "isReference": {
        "default": false
      }
    }
  ],
  "lightOutputPedestalMode": 1,
  "lightOutputPedestal": 0,
  "lightOutputPedestalLimit": 0.0001,
  "drizzleData": {
    "enabled": false,
    "scale": 1,
    "dropShrink": 0.9,
    "function": 0,
    "gridSize": 16
  },
  "isHidden": false,
  "isActive": true,
  "CCTemplate": "",
  "footerLengthForCurrentHeader": 0,
  "masterFiles": {},
  "forceNoDark": false,
  "forceNoFlat": false,
  "id": "0_1__0_mono__1_none_6248x4176",
  "__counter__": 1
}
[2026-02-14 10:25:22] Rebuilt groups: 10 total groups
[2026-02-14 10:25:22] Pre-flight: 1 LIGHT group(s), 9 calibration group(s)
[2026-02-14 10:25:22] Generated testFile: C:\Users\pppad\OneDrive\Desktop\NebulaPilot\wbpp_NGC 2170.wbpptest
[2026-02-14 10:25:22]   outputDirectory: E:/N.I.N.A/NGC 2170/PixInsight
[2026-02-14 10:25:22]   VERSION: 2.5.9
[2026-02-14 10:25:22] Command: "D:/Program Files/PixInsight/bin/PixInsight.exe" -n --automation-mode -r="C:/Users/pppad/OneDrive/Desktop/NebulaPilot/wbpp_NGC 2170.runner.js,automationMode=true,testFile=C:/Users/pppad/OneDrive/Desktop/NebulaPilot/wbpp_NGC 2170.wbpptest,outputDir=E:/N.I.N.A/NGC 2170/PixInsight"
[2026-02-14 10:25:22] Popen started, PID: 16308
[2026-02-14 10:29:21] App requesting launch for NGC 2170 with PI Path: D:/Program Files/PixInsight/bin/PixInsight.exe
[2026-02-14 10:29:21] Found 1 light frames for NGC 2170
[2026-02-14 10:29:21] === WBPP Automation for NGC 2170 ===
[2026-02-14 10:29:21] Output dir: E:\N.I.N.A\NGC 2170\PixInsight
[2026-02-14 10:29:21] Total light files from DB: 1
[2026-02-14 10:29:21]   Filter G: 1 files
[2026-02-14 10:29:21] Loaded 176 params from XPSM template
[2026-02-14 10:29:21]   Fixed 22 boolean params (false→''): distortionCorrection, overscanRegionEnabled_2, groupingKeywordsEnabled, lightsLargeScaleRejectionLow, smartNamingOverride, useTriangleSimilarity, enableCompactGUI, usePipelineScript, overscanRegionEnabled_1, overscanRegionEnabled_3, generateRejectionMaps, localNormalizationInteractiveMode, flatsLargeScaleRejection, recombineRGB, overscanRegionEnabled_4, platesolveFallbackManual, localNormalizationGenerateImages, overscanEnabled, imageSolverForceDefaults, lightsLargeScaleRejectionHigh, allowClusteredSources, linearPatternSubtraction
[2026-02-14 10:29:21] Calibration: dark=F:/nina2/Calibration/Dark/PixInsight/master/masterDark_BIN-1_6248x4176_EXPOSURE-300.00s.xisf, bias=F:/nina2/Calibration/Dark/PixInsight/master/masterDark_BIN-1_6248x4176_EXPOSURE-0.00s.xisf
[2026-02-14 10:29:21] Calibration flats: {'l': 'F:/nina2/Calibration/FLAT/PixInsight/master/masterFlat_BIN-1_6248x4176_FILTER-l_mono.xisf', 'r': 'F:/nina2/Calibration/FLAT/PixInsight/master/masterFlat_BIN-1_6248x4176_FILTER-r_mono.xisf', 'g': 'F:/nina2/Calibration/FLAT/PixInsight/master/masterFlat_BIN-1_6248x4176_FILTER-g_mono.xisf', 'b': 'F:/nina2/Calibration/FLAT/PixInsight/master/masterFlat_BIN-1_6248x4176_FILTER-b_mono.xisf', 's': 'F:/nina2/Calibration/FLAT/PixInsight/master/masterFlat_BIN-1_6248x4176_FILTER-s_mono.xisf', 'h': 'F:/nina2/Calibration/FLAT/PixInsight/master/masterFlat_BIN-1_6248x4176_FILTER-h_mono.xisf', 'o': 'F:/nina2/Calibration/FLAT/PixInsight/master/masterFlat_BIN-1_6248x4176_FILTER-o_mono.xisf'}
[2026-02-14 10:29:21]   Updated BIAS group -> F:/nina2/Calibration/Dark/PixInsight/master/masterDark_BIN-1_6248x4176_EXPOSURE-0.00s.xisf
[2026-02-14 10:29:21]   Updated DARK group -> F:/nina2/Calibration/Dark/PixInsight/master/masterDark_BIN-1_6248x4176_EXPOSURE-300.00s.xisf
[2026-02-14 10:29:21]   Updated FLAT group (filter=b) -> F:/nina2/Calibration/FLAT/PixInsight/master/masterFlat_BIN-1_6248x4176_FILTER-b_mono.xisf
[2026-02-14 10:29:21]   Updated FLAT group (filter=g) -> F:/nina2/Calibration/FLAT/PixInsight/master/masterFlat_BIN-1_6248x4176_FILTER-g_mono.xisf
[2026-02-14 10:29:21]   Updated FLAT group (filter=h) -> F:/nina2/Calibration/FLAT/PixInsight/master/masterFlat_BIN-1_6248x4176_FILTER-h_mono.xisf
[2026-02-14 10:29:21]   Updated FLAT group (filter=l) -> F:/nina2/Calibration/FLAT/PixInsight/master/masterFlat_BIN-1_6248x4176_FILTER-l_mono.xisf
[2026-02-14 10:29:21]   Updated FLAT group (filter=o) -> F:/nina2/Calibration/FLAT/PixInsight/master/masterFlat_BIN-1_6248x4176_FILTER-o_mono.xisf
[2026-02-14 10:29:21]   Updated FLAT group (filter=r) -> F:/nina2/Calibration/FLAT/PixInsight/master/masterFlat_BIN-1_6248x4176_FILTER-r_mono.xisf
[2026-02-14 10:29:21]   Updated FLAT group (filter=s) -> F:/nina2/Calibration/FLAT/PixInsight/master/masterFlat_BIN-1_6248x4176_FILTER-s_mono.xisf
[2026-02-14 10:29:21]   Removing old LIGHT group (filter=s)
[2026-02-14 10:29:21]   Removing old LIGHT group (filter=s)
[2026-02-14 10:29:21]   Added LIGHT group: filter=G, 1 files
[2026-02-14 10:29:21] DEBUG: First group JSON: {
  "imageType": 0,
  "binning": 1,
  "hasMaster": true,
  "exposureTime": 0,
  "filter": "",
  "exposureTimes": [
    0
  ],
  "optimizeMasterDark": false,
  "size": {
    "width": 6248,
    "height": 4176
  },
  "isCFA": false,
  "CFAPattern": 0,
  "debayerMethod": 2,
  "separateCFAFlatScalingFactors": false,
  "keywords": {},
  "mode": 1,
  "fileItems": [
    {
      "filePath": "F:/nina2/Calibration/Dark/PixInsight/master/masterDark_BIN-1_6248x4176_EXPOSURE-0.00s.xisf",
      "imageType": 0,
      "binning": 1,
      "filter": "",
      "exposureTime": 0,
      "fileKeywords": {
        "COMMENT": "",
        "IMAGETYP": "Master Dark",
        "XBINNING": "1",
        "YBINNING": "1",
        "FILTER": "",
        "EXPTIME": "0.00",
        "INSTRUME": "ZWO ASI2600MM Pro",
        "XPIXSZ": "3.76",
        "YPIXSZ": "3.76",
        "EGAIN": "0.242863",
        "TELESCOP": "askar fra400",
        "FOCALLEN": "400",
        "OBJECT": "Target",
        "RA": "358.8853639996715",
        "OBJCTRA": "23 55 32.487",
        "DEC": "89.85463614971177",
        "OBJCTDEC": "+89 51 16.69",
        "EQUINOX": "2000",
        "DATE-OBS": "2025-10-08T10:09:39.879",
        "DATE-END": "2025-10-08T10:19:16.833",
        "OBSGEO-L": "-99.38222222",
        "LONG-OBS": "-99.38222222",
        "OBSGEO-B": "31.54694444",
        "LAT-OBS": "31.54694444",
        "OBSGEO-H": "472",
        "ALT-OBS": "472"
      },
      "enabled": true,
      "size": {
        "width": 6248,
        "height": 4176
      },
      "matchingSizes": {
        "1": {
          "width": 6248,
          "height": 4176
        },
        "2": {
          "width": 6248,
          "height": 4176
        }
      },
      "createdWithSmartNamingEnabled": false,
      "solverParams": {
        "observationDate": "2025-10-08T17:09:39.879",
        "ra": 358.8853639996715,
        "dec": 89.85463614971177,
        "pixelSize": 3.76,
        "focalLength": 400
      },
      "isCFA": false,
      "isMaster": true,
      "keywords": {},
      "overscan": {
        "enabled": false,
        "overscan": [
          {
            "enabled": false,
            "sourceRect": {},
            "targetRect": {}
          },
          {
            "enabled": false,
            "sourceRect": {},
            "targetRect": {}
          },
          {
            "enabled": false,
            "sourceRect": {},
            "targetRect": {}
          },
          {
            "enabled": false,
            "sourceRect": {},
            "targetRect": {}
          }
        ],
        "imageRect": {}
      },
      "processed": {},
      "current": {
        "default": "F:/nina2/Calibration/Dark/PixInsight/master/masterDark_BIN-1_6248x4176_EXPOSURE-0.00s.xisf"
      },
      "descriptor": {},
      "localNormalizationFile": {},
      "drizzleFile": {},
      "isReference": {
        "default": false
      }
    }
  ],
  "lightOutputPedestalMode": 1,
  "lightOutputPedestal": 0,
  "lightOutputPedestalLimit": 0.0001,
  "drizzleData": {
    "enabled": false,
    "scale": 1,
    "dropShrink": 0.9,
    "function": 0,
    "gridSize": 16
  },
  "isHidden": false,
  "isActive": true,
  "CCTemplate": "",
  "footerLengthForCurrentHeader": 0,
  "masterFiles": {},
  "forceNoDark": false,
  "forceNoFlat": false,
  "id": "0_1__0_mono__1_none_6248x4176",
  "__counter__": 1
}
[2026-02-14 10:29:21] Rebuilt groups: 10 total groups
[2026-02-14 10:29:21] Pre-flight: 1 LIGHT group(s), 9 calibration group(s)
[2026-02-14 10:29:21] Generated testFile: C:\Users\pppad\OneDrive\Desktop\NebulaPilot\wbpp_NGC 2170.wbpptest
[2026-02-14 10:29:21]   outputDirectory: E:/N.I.N.A/NGC 2170/PixInsight
[2026-02-14 10:29:21]   VERSION: 2.5.9
[2026-02-14 10:29:21] Command: "D:/Program Files/PixInsight/bin/PixInsight.exe" -n --automation-mode -r="C:/Users/pppad/OneDrive/Desktop/NebulaPilot/wbpp_NGC 2170.runner.js,automationMode=true,testFile=C:/Users/pppad/OneDrive/Desktop/NebulaPilot/wbpp_NGC 2170.wbpptest,outputDir=E:/N.I.N.A/NGC 2170/PixInsight"
[2026-02-14 10:29:21] Popen started, PID: 15016
[2026-02-14 10:34:56] App requesting launch for NGC 2170 with PI Path: D:/Program Files/PixInsight/bin/PixInsight.exe
[2026-02-14 10:34:56] Found 1 light frames for NGC 2170
[2026-02-14 10:34:56] === WBPP Automation for NGC 2170 ===
[2026-02-14 10:34:56] Output dir: E:\N.I.N.A\NGC 2170\PixInsight
[2026-02-14 10:34:56] Total light files from DB: 1
[2026-02-14 10:34:56]   Filter G: 1 files
[2026-02-14 10:34:56] Loaded 176 params from XPSM template
[2026-02-14 10:34:56]   Fixed 22 boolean params (false→''): distortionCorrection, overscanRegionEnabled_2, groupingKeywordsEnabled, lightsLargeScaleRejectionLow, smartNamingOverride, useTriangleSimilarity, enableCompactGUI, usePipelineScript, overscanRegionEnabled_1, overscanRegionEnabled_3, generateRejectionMaps, localNormalizationInteractiveMode, flatsLargeScaleRejection, recombineRGB, overscanRegionEnabled_4, platesolveFallbackManual, localNormalizationGenerateImages, overscanEnabled, imageSolverForceDefaults, lightsLargeScaleRejectionHigh, allowClusteredSources, linearPatternSubtraction
[2026-02-14 10:34:56] Calibration: dark=F:/nina2/Calibration/Dark/PixInsight/master/masterDark_BIN-1_6248x4176_EXPOSURE-300.00s.xisf, bias=F:/nina2/Calibration/Dark/PixInsight/master/masterDark_BIN-1_6248x4176_EXPOSURE-0.00s.xisf
[2026-02-14 10:34:56] Calibration flats: {'l': 'F:/nina2/Calibration/FLAT/PixInsight/master/masterFlat_BIN-1_6248x4176_FILTER-l_mono.xisf', 'r': 'F:/nina2/Calibration/FLAT/PixInsight/master/masterFlat_BIN-1_6248x4176_FILTER-r_mono.xisf', 'g': 'F:/nina2/Calibration/FLAT/PixInsight/master/masterFlat_BIN-1_6248x4176_FILTER-g_mono.xisf', 'b': 'F:/nina2/Calibration/FLAT/PixInsight/master/masterFlat_BIN-1_6248x4176_FILTER-b_mono.xisf', 's': 'F:/nina2/Calibration/FLAT/PixInsight/master/masterFlat_BIN-1_6248x4176_FILTER-s_mono.xisf', 'h': 'F:/nina2/Calibration/FLAT/PixInsight/master/masterFlat_BIN-1_6248x4176_FILTER-h_mono.xisf', 'o': 'F:/nina2/Calibration/FLAT/PixInsight/master/masterFlat_BIN-1_6248x4176_FILTER-o_mono.xisf'}
[2026-02-14 10:34:56]   Updated BIAS group -> F:/nina2/Calibration/Dark/PixInsight/master/masterDark_BIN-1_6248x4176_EXPOSURE-0.00s.xisf
[2026-02-14 10:34:56]   Updated DARK group -> F:/nina2/Calibration/Dark/PixInsight/master/masterDark_BIN-1_6248x4176_EXPOSURE-300.00s.xisf
[2026-02-14 10:34:56]   Updated FLAT group (filter=b) -> F:/nina2/Calibration/FLAT/PixInsight/master/masterFlat_BIN-1_6248x4176_FILTER-b_mono.xisf
[2026-02-14 10:34:56]   Updated FLAT group (filter=g) -> F:/nina2/Calibration/FLAT/PixInsight/master/masterFlat_BIN-1_6248x4176_FILTER-g_mono.xisf
[2026-02-14 10:34:56]   Updated FLAT group (filter=h) -> F:/nina2/Calibration/FLAT/PixInsight/master/masterFlat_BIN-1_6248x4176_FILTER-h_mono.xisf
[2026-02-14 10:34:56]   Updated FLAT group (filter=l) -> F:/nina2/Calibration/FLAT/PixInsight/master/masterFlat_BIN-1_6248x4176_FILTER-l_mono.xisf
[2026-02-14 10:34:56]   Updated FLAT group (filter=o) -> F:/nina2/Calibration/FLAT/PixInsight/master/masterFlat_BIN-1_6248x4176_FILTER-o_mono.xisf
[2026-02-14 10:34:56]   Updated FLAT group (filter=r) -> F:/nina2/Calibration/FLAT/PixInsight/master/masterFlat_BIN-1_6248x4176_FILTER-r_mono.xisf
[2026-02-14 10:34:56]   Updated FLAT group (filter=s) -> F:/nina2/Calibration/FLAT/PixInsight/master/masterFlat_BIN-1_6248x4176_FILTER-s_mono.xisf
[2026-02-14 10:34:56]   Removing old LIGHT group (filter=s)
[2026-02-14 10:34:56]   Removing old LIGHT group (filter=s)
[2026-02-14 10:34:56]   Added LIGHT group: filter=G, 1 files
[2026-02-14 10:34:56] DEBUG: First group JSON: {
  "imageType": 0,
  "binning": 1,
  "hasMaster": true,
  "exposureTime": 0,
  "filter": "",
  "exposureTimes": [
    0
  ],
  "optimizeMasterDark": false,
  "size": {
    "width": 6248,
    "height": 4176
  },
  "isCFA": false,
  "CFAPattern": 0,
  "debayerMethod": 2,
  "separateCFAFlatScalingFactors": false,
  "keywords": {},
  "mode": 1,
  "fileItems": [
    {
      "filePath": "F:/nina2/Calibration/Dark/PixInsight/master/masterDark_BIN-1_6248x4176_EXPOSURE-0.00s.xisf",
      "imageType": 0,
      "binning": 1,
      "filter": "",
      "exposureTime": 0,
      "fileKeywords": {
        "COMMENT": "",
        "IMAGETYP": "Master Dark",
        "XBINNING": "1",
        "YBINNING": "1",
        "FILTER": "",
        "EXPTIME": "0.00",
        "INSTRUME": "ZWO ASI2600MM Pro",
        "XPIXSZ": "3.76",
        "YPIXSZ": "3.76",
        "EGAIN": "0.242863",
        "TELESCOP": "askar fra400",
        "FOCALLEN": "400",
        "OBJECT": "Target",
        "RA": "358.8853639996715",
        "OBJCTRA": "23 55 32.487",
        "DEC": "89.85463614971177",
        "OBJCTDEC": "+89 51 16.69",
        "EQUINOX": "2000",
        "DATE-OBS": "2025-10-08T10:09:39.879",
        "DATE-END": "2025-10-08T10:19:16.833",
        "OBSGEO-L": "-99.38222222",
        "LONG-OBS": "-99.38222222",
        "OBSGEO-B": "31.54694444",
        "LAT-OBS": "31.54694444",
        "OBSGEO-H": "472",
        "ALT-OBS": "472"
      },
      "enabled": true,
      "size": {
        "width": 6248,
        "height": 4176
      },
      "matchingSizes": {
        "1": {
          "width": 6248,
          "height": 4176
        },
        "2": {
          "width": 6248,
          "height": 4176
        }
      },
      "createdWithSmartNamingEnabled": false,
      "solverParams": {
        "observationDate": "2025-10-08T17:09:39.879",
        "ra": 358.8853639996715,
        "dec": 89.85463614971177,
        "pixelSize": 3.76,
        "focalLength": 400
      },
      "isCFA": false,
      "isMaster": true,
      "keywords": {},
      "overscan": {
        "enabled": false,
        "overscan": [
          {
            "enabled": false,
            "sourceRect": {},
            "targetRect": {}
          },
          {
            "enabled": false,
            "sourceRect": {},
            "targetRect": {}
          },
          {
            "enabled": false,
            "sourceRect": {},
            "targetRect": {}
          },
          {
            "enabled": false,
            "sourceRect": {},
            "targetRect": {}
          }
        ],
        "imageRect": {}
      },
      "processed": {},
      "current": {
        "default": "F:/nina2/Calibration/Dark/PixInsight/master/masterDark_BIN-1_6248x4176_EXPOSURE-0.00s.xisf"
      },
      "descriptor": {},
      "localNormalizationFile": {},
      "drizzleFile": {},
      "isReference": {
        "default": false
      }
    }
  ],
  "lightOutputPedestalMode": 1,
  "lightOutputPedestal": 0,
  "lightOutputPedestalLimit": 0.0001,
  "drizzleData": {
    "enabled": false,
    "scale": 1,
    "dropShrink": 0.9,
    "function": 0,
    "gridSize": 16
  },
  "isHidden": false,
  "isActive": true,
  "CCTemplate": "",
  "footerLengthForCurrentHeader": 0,
  "masterFiles": {},
  "forceNoDark": false,
  "forceNoFlat": false,
  "id": "0_1__0_mono__1_none_6248x4176",
  "__counter__": 1
}
[2026-02-14 10:34:56] Rebuilt groups: 10 total groups
[2026-02-14 10:34:56] Pre-flight: 1 LIGHT group(s), 9 calibration group(s)
[2026-02-14 10:34:56] Generated testFile: C:\Users\pppad\OneDrive\Desktop\NebulaPilot\wbpp_NGC 2170.wbpptest
[2026-02-14 10:34:56]   outputDirectory: E:/N.I.N.A/NGC 2170/PixInsight
[2026-02-14 10:34:56]   VERSION: 2.5.9
[2026-02-14 10:34:56] Command: "D:/Program Files/PixInsight/bin/PixInsight.exe" -n --automation-mode -r="C:/Users/pppad/OneDrive/Desktop/NebulaPilot/wbpp_NGC 2170.runner.js,automationMode=true,testFile=C:/Users/pppad/OneDrive/Desktop/NebulaPilot/wbpp_NGC 2170.wbpptest,outputDir=E:/N.I.N.A/NGC 2170/PixInsight"
[2026-02-14 10:34:56] Popen started, PID: 21804
[2026-02-14 10:39:58] App requesting launch for NGC 2170 with PI Path: D:/Program Files/PixInsight/bin/PixInsight.exe
[2026-02-14 10:39:58] Found 1 light frames for NGC 2170
[2026-02-14 10:39:58] === WBPP Automation for NGC 2170 ===
[2026-02-14 10:39:58] Output dir: E:\N.I.N.A\NGC_2170\2026-02-11\PixInsight
[2026-02-14 10:39:58] Total light files from DB: 1
[2026-02-14 10:39:58]   Filter G: 1 files
[2026-02-14 10:39:58] Loaded 176 params from XPSM template
[2026-02-14 10:39:58]   Fixed 22 boolean params (false→''): useTriangleSimilarity, lightsLargeScaleRejectionHigh, overscanRegionEnabled_2, linearPatternSubtraction, localNormalizationInteractiveMode, generateRejectionMaps, distortionCorrection, localNormalizationGenerateImages, imageSolverForceDefaults, allowClusteredSources, overscanRegionEnabled_4, groupingKeywordsEnabled, overscanRegionEnabled_1, overscanRegionEnabled_3, enableCompactGUI, usePipelineScript, lightsLargeScaleRejectionLow, platesolveFallbackManual, flatsLargeScaleRejection, smartNamingOverride, recombineRGB, overscanEnabled
[2026-02-14 10:39:58] Calibration: dark=F:/nina2/Calibration/Dark/PixInsight/master/masterDark_BIN-1_6248x4176_EXPOSURE-300.00s.xisf, bias=F:/nina2/Calibration/Dark/PixInsight/master/masterDark_BIN-1_6248x4176_EXPOSURE-0.00s.xisf
[2026-02-14 10:39:58] Calibration flats: {'l': 'F:/nina2/Calibration/FLAT/PixInsight/master/masterFlat_BIN-1_6248x4176_FILTER-l_mono.xisf', 'r': 'F:/nina2/Calibration/FLAT/PixInsight/master/masterFlat_BIN-1_6248x4176_FILTER-r_mono.xisf', 'g': 'F:/nina2/Calibration/FLAT/PixInsight/master/masterFlat_BIN-1_6248x4176_FILTER-g_mono.xisf', 'b': 'F:/nina2/Calibration/FLAT/PixInsight/master/masterFlat_BIN-1_6248x4176_FILTER-b_mono.xisf', 's': 'F:/nina2/Calibration/FLAT/PixInsight/master/masterFlat_BIN-1_6248x4176_FILTER-s_mono.xisf', 'h': 'F:/nina2/Calibration/FLAT/PixInsight/master/masterFlat_BIN-1_6248x4176_FILTER-h_mono.xisf', 'o': 'F:/nina2/Calibration/FLAT/PixInsight/master/masterFlat_BIN-1_6248x4176_FILTER-o_mono.xisf'}
[2026-02-14 10:39:58]   Updated BIAS group -> F:/nina2/Calibration/Dark/PixInsight/master/masterDark_BIN-1_6248x4176_EXPOSURE-0.00s.xisf
[2026-02-14 10:39:58]   Updated DARK group -> F:/nina2/Calibration/Dark/PixInsight/master/masterDark_BIN-1_6248x4176_EXPOSURE-300.00s.xisf
[2026-02-14 10:39:58]   Updated FLAT group (filter=b) -> F:/nina2/Calibration/FLAT/PixInsight/master/masterFlat_BIN-1_6248x4176_FILTER-b_mono.xisf
[2026-02-14 10:39:58]   Updated FLAT group (filter=g) -> F:/nina2/Calibration/FLAT/PixInsight/master/masterFlat_BIN-1_6248x4176_FILTER-g_mono.xisf
[2026-02-14 10:39:58]   Updated FLAT group (filter=h) -> F:/nina2/Calibration/FLAT/PixInsight/master/masterFlat_BIN-1_6248x4176_FILTER-h_mono.xisf
[2026-02-14 10:39:58]   Updated FLAT group (filter=l) -> F:/nina2/Calibration/FLAT/PixInsight/master/masterFlat_BIN-1_6248x4176_FILTER-l_mono.xisf
[2026-02-14 10:39:58]   Updated FLAT group (filter=o) -> F:/nina2/Calibration/FLAT/PixInsight/master/masterFlat_BIN-1_6248x4176_FILTER-o_mono.xisf
[2026-02-14 10:39:58]   Updated FLAT group (filter=r) -> F:/nina2/Calibration/FLAT/PixInsight/master/masterFlat_BIN-1_6248x4176_FILTER-r_mono.xisf
[2026-02-14 10:39:58]   Updated FLAT group (filter=s) -> F:/nina2/Calibration/FLAT/PixInsight/master/masterFlat_BIN-1_6248x4176_FILTER-s_mono.xisf
[2026-02-14 10:39:58]   Removing old LIGHT group (filter=s)
[2026-02-14 10:39:58]   Removing old LIGHT group (filter=s)
[2026-02-14 10:39:58]   Added LIGHT group: filter=G, 1 files
[2026-02-14 10:39:58] DEBUG: First group JSON: {
  "imageType": 0,
  "binning": 1,
  "hasMaster": true,
  "exposureTime": 0,
  "filter": "",
  "exposureTimes": [
    0
  ],
  "optimizeMasterDark": false,
  "size": {
    "width": 6248,
    "height": 4176
  },
  "isCFA": false,
  "CFAPattern": 0,
  "debayerMethod": 2,
  "separateCFAFlatScalingFactors": false,
  "keywords": {},
  "mode": 1,
  "fileItems": [
    {
      "filePath": "F:/nina2/Calibration/Dark/PixInsight/master/masterDark_BIN-1_6248x4176_EXPOSURE-0.00s.xisf",
      "imageType": 0,
      "binning": 1,
      "filter": "",
      "exposureTime": 0,
      "fileKeywords": {
        "COMMENT": "",
        "IMAGETYP": "Master Dark",
        "XBINNING": "1",
        "YBINNING": "1",
        "FILTER": "",
        "EXPTIME": "0.00",
        "INSTRUME": "ZWO ASI2600MM Pro",
        "XPIXSZ": "3.76",
        "YPIXSZ": "3.76",
        "EGAIN": "0.242863",
        "TELESCOP": "askar fra400",
        "FOCALLEN": "400",
        "OBJECT": "Target",
        "RA": "358.8853639996715",
        "OBJCTRA": "23 55 32.487",
        "DEC": "89.85463614971177",
        "OBJCTDEC": "+89 51 16.69",
        "EQUINOX": "2000",
        "DATE-OBS": "2025-10-08T10:09:39.879",
        "DATE-END": "2025-10-08T10:19:16.833",
        "OBSGEO-L": "-99.38222222",
        "LONG-OBS": "-99.38222222",
        "OBSGEO-B": "31.54694444",
        "LAT-OBS": "31.54694444",
        "OBSGEO-H": "472",
        "ALT-OBS": "472"
      },
      "enabled": true,
      "size": {
        "width": 6248,
        "height": 4176
      },
      "matchingSizes": {
        "1": {
          "width": 6248,
          "height": 4176
        },
        "2": {
          "width": 6248,
          "height": 4176
        }
      },
      "createdWithSmartNamingEnabled": false,
      "solverParams": {
        "observationDate": "2025-10-08T17:09:39.879",
        "ra": 358.8853639996715,
        "dec": 89.85463614971177,
        "pixelSize": 3.76,
        "focalLength": 400
      },
      "isCFA": false,
      "isMaster": true,
      "keywords": {},
      "overscan": {
        "enabled": false,
        "overscan": [
          {
            "enabled": false,
            "sourceRect": {},
            "targetRect": {}
          },
          {
            "enabled": false,
            "sourceRect": {},
            "targetRect": {}
          },
          {
            "enabled": false,
            "sourceRect": {},
            "targetRect": {}
          },
          {
            "enabled": false,
            "sourceRect": {},
            "targetRect": {}
          }
        ],
        "imageRect": {}
      },
      "processed": {},
      "current": {
        "default": "F:/nina2/Calibration/Dark/PixInsight/master/masterDark_BIN-1_6248x4176_EXPOSURE-0.00s.xisf"
      },
      "descriptor": {},
      "localNormalizationFile": {},
      "drizzleFile": {},
      "isReference": {
        "default": false
      }
    }
  ],
  "lightOutputPedestalMode": 1,
  "lightOutputPedestal": 0,
  "lightOutputPedestalLimit": 0.0001,
  "drizzleData": {
    "enabled": false,
    "scale": 1,
    "dropShrink": 0.9,
    "function": 0,
    "gridSize": 16
  },
  "isHidden": false,
  "isActive": true,
  "CCTemplate": "",
  "footerLengthForCurrentHeader": 0,
  "masterFiles": {},
  "forceNoDark": false,
  "forceNoFlat": false,
  "id": "0_1__0_mono__1_none_6248x4176",
  "__counter__": 1
}
[2026-02-14 10:39:58] Rebuilt groups: 10 total groups
[2026-02-14 10:39:58] Pre-flight: 1 LIGHT group(s), 9 calibration group(s)
[2026-02-14 10:39:58] Generated testFile: C:\Users\pppad\OneDrive\Desktop\NebulaPilot\wbpp_NGC 2170.wbpptest
[2026-02-14 10:39:58]   outputDirectory: E:/N.I.N.A/NGC_2170/2026-02-11/PixInsight
[2026-02-14 10:39:58]   VERSION: 2.5.9
[2026-02-14 10:39:58] Command: "D:/Program Files/PixInsight/bin/PixInsight.exe" -n --automation-mode -r="C:/Users/pppad/OneDrive/Desktop/NebulaPilot/wbpp_NGC 2170.runner.js,automationMode=true,testFile=C:/Users/pppad/OneDrive/Desktop/NebulaPilot/wbpp_NGC 2170.wbpptest,outputDir=E:/N.I.N.A/NGC_2170/2026-02-11/PixInsight"
[2026-02-14 10:39:58] Popen started, PID: 5640
[2026-02-14 10:42:00] App requesting launch for Rosette with PI Path: D:/Program Files/PixInsight/bin/PixInsight.exe
[2026-02-14 10:42:00] Found 3 light frames for Rosette
[2026-02-14 10:42:00] === WBPP Automation for Rosette ===
[2026-02-14 10:42:00] Output dir: E:\N.I.N.A\Rosette\2026-02-11\PixInsight
[2026-02-14 10:42:00] Total light files from DB: 3
[2026-02-14 10:42:00]   Filter S: 3 files
[2026-02-14 10:42:01] Loaded 176 params from XPSM template
[2026-02-14 10:42:01]   Fixed 22 boolean params (false→''): useTriangleSimilarity, lightsLargeScaleRejectionHigh, overscanRegionEnabled_2, linearPatternSubtraction, localNormalizationInteractiveMode, generateRejectionMaps, distortionCorrection, localNormalizationGenerateImages, imageSolverForceDefaults, allowClusteredSources, overscanRegionEnabled_4, groupingKeywordsEnabled, overscanRegionEnabled_1, overscanRegionEnabled_3, enableCompactGUI, usePipelineScript, lightsLargeScaleRejectionLow, platesolveFallbackManual, flatsLargeScaleRejection, smartNamingOverride, recombineRGB, overscanEnabled
[2026-02-14 10:42:01] Calibration: dark=F:/nina2/Calibration/Dark/PixInsight/master/masterDark_BIN-1_6248x4176_EXPOSURE-300.00s.xisf, bias=F:/nina2/Calibration/Dark/PixInsight/master/masterDark_BIN-1_6248x4176_EXPOSURE-0.00s.xisf
[2026-02-14 10:42:01] Calibration flats: {'l': 'F:/nina2/Calibration/FLAT/PixInsight/master/masterFlat_BIN-1_6248x4176_FILTER-l_mono.xisf', 'r': 'F:/nina2/Calibration/FLAT/PixInsight/master/masterFlat_BIN-1_6248x4176_FILTER-r_mono.xisf', 'g': 'F:/nina2/Calibration/FLAT/PixInsight/master/masterFlat_BIN-1_6248x4176_FILTER-g_mono.xisf', 'b': 'F:/nina2/Calibration/FLAT/PixInsight/master/masterFlat_BIN-1_6248x4176_FILTER-b_mono.xisf', 's': 'F:/nina2/Calibration/FLAT/PixInsight/master/masterFlat_BIN-1_6248x4176_FILTER-s_mono.xisf', 'h': 'F:/nina2/Calibration/FLAT/PixInsight/master/masterFlat_BIN-1_6248x4176_FILTER-h_mono.xisf', 'o': 'F:/nina2/Calibration/FLAT/PixInsight/master/masterFlat_BIN-1_6248x4176_FILTER-o_mono.xisf'}
[2026-02-14 10:42:01]   Updated BIAS group -> F:/nina2/Calibration/Dark/PixInsight/master/masterDark_BIN-1_6248x4176_EXPOSURE-0.00s.xisf
[2026-02-14 10:42:01]   Updated DARK group -> F:/nina2/Calibration/Dark/PixInsight/master/masterDark_BIN-1_6248x4176_EXPOSURE-300.00s.xisf
[2026-02-14 10:42:01]   Updated FLAT group (filter=b) -> F:/nina2/Calibration/FLAT/PixInsight/master/masterFlat_BIN-1_6248x4176_FILTER-b_mono.xisf
[2026-02-14 10:42:01]   Updated FLAT group (filter=g) -> F:/nina2/Calibration/FLAT/PixInsight/master/masterFlat_BIN-1_6248x4176_FILTER-g_mono.xisf
[2026-02-14 10:42:01]   Updated FLAT group (filter=h) -> F:/nina2/Calibration/FLAT/PixInsight/master/masterFlat_BIN-1_6248x4176_FILTER-h_mono.xisf
[2026-02-14 10:42:01]   Updated FLAT group (filter=l) -> F:/nina2/Calibration/FLAT/PixInsight/master/masterFlat_BIN-1_6248x4176_FILTER-l_mono.xisf
[2026-02-14 10:42:01]   Updated FLAT group (filter=o) -> F:/nina2/Calibration/FLAT/PixInsight/master/masterFlat_BIN-1_6248x4176_FILTER-o_mono.xisf
[2026-02-14 10:42:01]   Updated FLAT group (filter=r) -> F:/nina2/Calibration/FLAT/PixInsight/master/masterFlat_BIN-1_6248x4176_FILTER-r_mono.xisf
[2026-02-14 10:42:01]   Updated FLAT group (filter=s) -> F:/nina2/Calibration/FLAT/PixInsight/master/masterFlat_BIN-1_6248x4176_FILTER-s_mono.xisf
[2026-02-14 10:42:01]   Removing old LIGHT group (filter=s)
[2026-02-14 10:42:01]   Removing old LIGHT group (filter=s)
[2026-02-14 10:42:01]   Added LIGHT group: filter=S, 3 files
[2026-02-14 10:42:01] DEBUG: First group JSON: {
  "imageType": 0,
  "binning": 1,
  "hasMaster": true,
  "exposureTime": 0,
  "filter": "",
  "exposureTimes": [
    0
  ],
  "optimizeMasterDark": false,
  "size": {
    "width": 6248,
    "height": 4176
  },
  "isCFA": false,
  "CFAPattern": 0,
  "debayerMethod": 2,
  "separateCFAFlatScalingFactors": false,
  "keywords": {},
  "mode": 1,
  "fileItems": [
    {
      "filePath": "F:/nina2/Calibration/Dark/PixInsight/master/masterDark_BIN-1_6248x4176_EXPOSURE-0.00s.xisf",
      "imageType": 0,
      "binning": 1,
      "filter": "",
      "exposureTime": 0,
      "fileKeywords": {
        "COMMENT": "",
        "IMAGETYP": "Master Dark",
        "XBINNING": "1",
        "YBINNING": "1",
        "FILTER": "",
        "EXPTIME": "0.00",
        "INSTRUME": "ZWO ASI2600MM Pro",
        "XPIXSZ": "3.76",
        "YPIXSZ": "3.76",
        "EGAIN": "0.242863",
        "TELESCOP": "askar fra400",
        "FOCALLEN": "400",
        "OBJECT": "Target",
        "RA": "358.8853639996715",
        "OBJCTRA": "23 55 32.487",
        "DEC": "89.85463614971177",
        "OBJCTDEC": "+89 51 16.69",
        "EQUINOX": "2000",
        "DATE-OBS": "2025-10-08T10:09:39.879",
        "DATE-END": "2025-10-08T10:19:16.833",
        "OBSGEO-L": "-99.38222222",
        "LONG-OBS": "-99.38222222",
        "OBSGEO-B": "31.54694444",
        "LAT-OBS": "31.54694444",
        "OBSGEO-H": "472",
        "ALT-OBS": "472"
      },
      "enabled": true,
      "size": {
        "width": 6248,
        "height": 4176
      },
      "matchingSizes": {
        "1": {
          "width": 6248,
          "height": 4176
        },
        "2": {
          "width": 6248,
          "height": 4176
        }
      },
      "createdWithSmartNamingEnabled": false,
      "solverParams": {
        "observationDate": "2025-10-08T17:09:39.879",
        "ra": 358.8853639996715,
        "dec": 89.85463614971177,
        "pixelSize": 3.76,
        "focalLength": 400
      },
      "isCFA": false,
      "isMaster": true,
      "keywords": {},
      "overscan": {
        "enabled": false,
        "overscan": [
          {
            "enabled": false,
            "sourceRect": {},
            "targetRect": {}
          },
          {
            "enabled": false,
            "sourceRect": {},
            "targetRect": {}
          },
          {
            "enabled": false,
            "sourceRect": {},
            "targetRect": {}
          },
          {
            "enabled": false,
            "sourceRect": {},
            "targetRect": {}
          }
        ],
        "imageRect": {}
      },
      "processed": {},
      "current": {
        "default": "F:/nina2/Calibration/Dark/PixInsight/master/masterDark_BIN-1_6248x4176_EXPOSURE-0.00s.xisf"
      },
      "descriptor": {},
      "localNormalizationFile": {},
      "drizzleFile": {},
      "isReference": {
        "default": false
      }
    }
  ],
  "lightOutputPedestalMode": 1,
  "lightOutputPedestal": 0,
  "lightOutputPedestalLimit": 0.0001,
  "drizzleData": {
    "enabled": false,
    "scale": 1,
    "dropShrink": 0.9,
    "function": 0,
    "gridSize": 16
  },
  "isHidden": false,
  "isActive": true,
  "CCTemplate": "",
  "footerLengthForCurrentHeader": 0,
  "masterFiles": {},
  "forceNoDark": false,
  "forceNoFlat": false,
  "id": "0_1__0_mono__1_none_6248x4176",
  "__counter__": 1
}
[2026-02-14 10:42:01] Rebuilt groups: 10 total groups
[2026-02-14 10:42:01] Pre-flight: 1 LIGHT group(s), 9 calibration group(s)
[2026-02-14 10:42:01] Generated testFile: C:\Users\pppad\OneDrive\Desktop\NebulaPilot\wbpp_Rosette.wbpptest
[2026-02-14 10:42:01]   outputDirectory: E:/N.I.N.A/Rosette/2026-02-11/PixInsight
[2026-02-14 10:42:01]   VERSION: 2.5.9
[2026-02-14 10:42:01] Command: "D:/Program Files/PixInsight/bin/PixInsight.exe" -n --automation-mode -r="C:/Users/pppad/OneDrive/Desktop/NebulaPilot/wbpp_Rosette.runner.js,automationMode=true,testFile=C:/Users/pppad/OneDrive/Desktop/NebulaPilot/wbpp_Rosette.wbpptest,outputDir=E:/N.I.N.A/Rosette/2026-02-11/PixInsight"
[2026-02-14 10:42:01] Popen started, PID: 21892
[2026-02-14 11:01:05] App requesting launch for Rosette with PI Path: D:/Program Files/PixInsight/bin/PixInsight.exe
[2026-02-14 11:01:05] Found 3 light frames for Rosette
[2026-02-14 11:01:05] Cleaning up existing output directory: E:\N.I.N.A\Rosette\2026-02-11\PixInsight
[2026-02-14 11:01:05] === WBPP Automation for Rosette ===
[2026-02-14 11:01:05] Output dir: E:\N.I.N.A\Rosette\2026-02-11\PixInsight
[2026-02-14 11:01:05] Total light files from DB: 3
[2026-02-14 11:01:05]   Filter S: 3 files
[2026-02-14 11:01:05] Loaded 176 params from XPSM template
[2026-02-14 11:01:05]   Fixed 22 boolean params (false→''): localNormalizationInteractiveMode, flatsLargeScaleRejection, overscanRegionEnabled_1, generateRejectionMaps, overscanRegionEnabled_3, overscanRegionEnabled_4, overscanRegionEnabled_2, groupingKeywordsEnabled, usePipelineScript, distortionCorrection, useTriangleSimilarity, smartNamingOverride, allowClusteredSources, overscanEnabled, enableCompactGUI, localNormalizationGenerateImages, linearPatternSubtraction, recombineRGB, lightsLargeScaleRejectionLow, lightsLargeScaleRejectionHigh, imageSolverForceDefaults, platesolveFallbackManual
[2026-02-14 11:01:05] Calibration: dark=F:/nina2/Calibration/Dark/PixInsight/master/masterDark_BIN-1_6248x4176_EXPOSURE-300.00s.xisf, bias=F:/nina2/Calibration/Dark/PixInsight/master/masterDark_BIN-1_6248x4176_EXPOSURE-0.00s.xisf
[2026-02-14 11:01:05] Calibration flats: {'l': 'F:/nina2/Calibration/FLAT/PixInsight/master/masterFlat_BIN-1_6248x4176_FILTER-l_mono.xisf', 'r': 'F:/nina2/Calibration/FLAT/PixInsight/master/masterFlat_BIN-1_6248x4176_FILTER-r_mono.xisf', 'g': 'F:/nina2/Calibration/FLAT/PixInsight/master/masterFlat_BIN-1_6248x4176_FILTER-g_mono.xisf', 'b': 'F:/nina2/Calibration/FLAT/PixInsight/master/masterFlat_BIN-1_6248x4176_FILTER-b_mono.xisf', 's': 'F:/nina2/Calibration/FLAT/PixInsight/master/masterFlat_BIN-1_6248x4176_FILTER-s_mono.xisf', 'h': 'F:/nina2/Calibration/FLAT/PixInsight/master/masterFlat_BIN-1_6248x4176_FILTER-h_mono.xisf', 'o': 'F:/nina2/Calibration/FLAT/PixInsight/master/masterFlat_BIN-1_6248x4176_FILTER-o_mono.xisf'}
[2026-02-14 11:01:05]   Updated BIAS group -> F:/nina2/Calibration/Dark/PixInsight/master/masterDark_BIN-1_6248x4176_EXPOSURE-0.00s.xisf
[2026-02-14 11:01:05]   Updated DARK group -> F:/nina2/Calibration/Dark/PixInsight/master/masterDark_BIN-1_6248x4176_EXPOSURE-300.00s.xisf
[2026-02-14 11:01:05]   Updated FLAT group (filter=b) -> F:/nina2/Calibration/FLAT/PixInsight/master/masterFlat_BIN-1_6248x4176_FILTER-b_mono.xisf
[2026-02-14 11:01:05]   Updated FLAT group (filter=g) -> F:/nina2/Calibration/FLAT/PixInsight/master/masterFlat_BIN-1_6248x4176_FILTER-g_mono.xisf
[2026-02-14 11:01:05]   Updated FLAT group (filter=h) -> F:/nina2/Calibration/FLAT/PixInsight/master/masterFlat_BIN-1_6248x4176_FILTER-h_mono.xisf
[2026-02-14 11:01:05]   Updated FLAT group (filter=l) -> F:/nina2/Calibration/FLAT/PixInsight/master/masterFlat_BIN-1_6248x4176_FILTER-l_mono.xisf
[2026-02-14 11:01:05]   Updated FLAT group (filter=o) -> F:/nina2/Calibration/FLAT/PixInsight/master/masterFlat_BIN-1_6248x4176_FILTER-o_mono.xisf
[2026-02-14 11:01:05]   Updated FLAT group (filter=r) -> F:/nina2/Calibration/FLAT/PixInsight/master/masterFlat_BIN-1_6248x4176_FILTER-r_mono.xisf
[2026-02-14 11:01:05]   Updated FLAT group (filter=s) -> F:/nina2/Calibration/FLAT/PixInsight/master/masterFlat_BIN-1_6248x4176_FILTER-s_mono.xisf
[2026-02-14 11:01:05]   Removing old LIGHT group (filter=s)
[2026-02-14 11:01:05]   Removing old LIGHT group (filter=s)
[2026-02-14 11:01:05]   Added LIGHT group: filter=S, 3 files
[2026-02-14 11:01:05] DEBUG: First group JSON: {
  "imageType": 0,
  "binning": 1,
  "hasMaster": true,
  "exposureTime": 0,
  "filter": "",
  "exposureTimes": [
    0
  ],
  "optimizeMasterDark": false,
  "size": {
    "width": 6248,
    "height": 4176
  },
  "isCFA": false,
  "CFAPattern": 0,
  "debayerMethod": 2,
  "separateCFAFlatScalingFactors": false,
  "keywords": {},
  "mode": 1,
  "fileItems": [
    {
      "filePath": "F:/nina2/Calibration/Dark/PixInsight/master/masterDark_BIN-1_6248x4176_EXPOSURE-0.00s.xisf",
      "imageType": 0,
      "binning": 1,
      "filter": "",
      "exposureTime": 0,
      "fileKeywords": {
        "COMMENT": "",
        "IMAGETYP": "Master Dark",
        "XBINNING": "1",
        "YBINNING": "1",
        "FILTER": "",
        "EXPTIME": "0.00",
        "INSTRUME": "ZWO ASI2600MM Pro",
        "XPIXSZ": "3.76",
        "YPIXSZ": "3.76",
        "EGAIN": "0.242863",
        "TELESCOP": "askar fra400",
        "FOCALLEN": "400",
        "OBJECT": "Target",
        "RA": "358.8853639996715",
        "OBJCTRA": "23 55 32.487",
        "DEC": "89.85463614971177",
        "OBJCTDEC": "+89 51 16.69",
        "EQUINOX": "2000",
        "DATE-OBS": "2025-10-08T10:09:39.879",
        "DATE-END": "2025-10-08T10:19:16.833",
        "OBSGEO-L": "-99.38222222",
        "LONG-OBS": "-99.38222222",
        "OBSGEO-B": "31.54694444",
        "LAT-OBS": "31.54694444",
        "OBSGEO-H": "472",
        "ALT-OBS": "472"
      },
      "enabled": true,
      "size": {
        "width": 6248,
        "height": 4176
      },
      "matchingSizes": {
        "1": {
          "width": 6248,
          "height": 4176
        },
        "2": {
          "width": 6248,
          "height": 4176
        }
      },
      "createdWithSmartNamingEnabled": false,
      "solverParams": {
        "observationDate": "2025-10-08T17:09:39.879",
        "ra": 358.8853639996715,
        "dec": 89.85463614971177,
        "pixelSize": 3.76,
        "focalLength": 400
      },
      "isCFA": false,
      "isMaster": true,
      "keywords": {},
      "overscan": {
        "enabled": false,
        "overscan": [
          {
            "enabled": false,
            "sourceRect": {},
            "targetRect": {}
          },
          {
            "enabled": false,
            "sourceRect": {},
            "targetRect": {}
          },
          {
            "enabled": false,
            "sourceRect": {},
            "targetRect": {}
          },
          {
            "enabled": false,
            "sourceRect": {},
            "targetRect": {}
          }
        ],
        "imageRect": {}
      },
      "processed": {},
      "current": {
        "default": "F:/nina2/Calibration/Dark/PixInsight/master/masterDark_BIN-1_6248x4176_EXPOSURE-0.00s.xisf"
      },
      "descriptor": {},
      "localNormalizationFile": {},
      "drizzleFile": {},
      "isReference": {
        "default": false
      }
    }
  ],
  "lightOutputPedestalMode": 1,
  "lightOutputPedestal": 0,
  "lightOutputPedestalLimit": 0.0001,
  "drizzleData": {
    "enabled": false,
    "scale": 1,
    "dropShrink": 0.9,
    "function": 0,
    "gridSize": 16
  },
  "isHidden": false,
  "isActive": true,
  "CCTemplate": "",
  "footerLengthForCurrentHeader": 0,
  "masterFiles": {},
  "forceNoDark": false,
  "forceNoFlat": false,
  "id": "0_1__0_mono__1_none_6248x4176",
  "__counter__": 1
}
[2026-02-14 11:01:05] Rebuilt groups: 10 total groups
[2026-02-14 11:01:05] Pre-flight: 1 LIGHT group(s), 9 calibration group(s)
[2026-02-14 11:01:05] Generated testFile: C:\Users\pppad\OneDrive\Desktop\NebulaPilot\wbpp_Rosette.wbpptest
[2026-02-14 11:01:05]   outputDirectory: E:/N.I.N.A/Rosette/2026-02-11/PixInsight
[2026-02-14 11:01:05]   VERSION: 2.5.9
[2026-02-14 11:01:05] Command: "D:/Program Files/PixInsight/bin/PixInsight.exe" -n --automation-mode -r="C:/Users/pppad/OneDrive/Desktop/NebulaPilot/wbpp_Rosette.runner.js,automationMode=true,testFile=C:/Users/pppad/OneDrive/Desktop/NebulaPilot/wbpp_Rosette.wbpptest,outputDir=E:/N.I.N.A/Rosette/2026-02-11/PixInsight"
[2026-02-14 11:01:05] Popen started, PID: 24252
[2026-02-14 11:05:04] App requesting launch for Rosette with PI Path: D:/Program Files/PixInsight/bin/PixInsight.exe
[2026-02-14 11:05:04] Found 3 light frames for Rosette
[2026-02-14 11:05:04] Cleaning up existing output directory: E:\N.I.N.A\Rosette\2026-02-11\PixInsight
[2026-02-14 11:05:04] === WBPP Automation for Rosette ===
[2026-02-14 11:05:04] Output dir: E:\N.I.N.A\Rosette\2026-02-11\PixInsight
[2026-02-14 11:05:04] Total light files from DB: 3
[2026-02-14 11:05:04]   Filter S: 3 files
[2026-02-14 11:05:04] Loaded 176 params from XPSM template
[2026-02-14 11:05:04]   Fixed 22 boolean params (false→''): localNormalizationInteractiveMode, flatsLargeScaleRejection, overscanRegionEnabled_1, generateRejectionMaps, overscanRegionEnabled_3, overscanRegionEnabled_4, overscanRegionEnabled_2, groupingKeywordsEnabled, usePipelineScript, distortionCorrection, useTriangleSimilarity, smartNamingOverride, allowClusteredSources, overscanEnabled, enableCompactGUI, localNormalizationGenerateImages, linearPatternSubtraction, recombineRGB, lightsLargeScaleRejectionLow, lightsLargeScaleRejectionHigh, imageSolverForceDefaults, platesolveFallbackManual
[2026-02-14 11:05:04] Calibration: dark=F:/nina2/Calibration/Dark/PixInsight/master/masterDark_BIN-1_6248x4176_EXPOSURE-300.00s.xisf, bias=F:/nina2/Calibration/Dark/PixInsight/master/masterDark_BIN-1_6248x4176_EXPOSURE-0.00s.xisf
[2026-02-14 11:05:04] Calibration flats: {'l': 'F:/nina2/Calibration/FLAT/PixInsight/master/masterFlat_BIN-1_6248x4176_FILTER-l_mono.xisf', 'r': 'F:/nina2/Calibration/FLAT/PixInsight/master/masterFlat_BIN-1_6248x4176_FILTER-r_mono.xisf', 'g': 'F:/nina2/Calibration/FLAT/PixInsight/master/masterFlat_BIN-1_6248x4176_FILTER-g_mono.xisf', 'b': 'F:/nina2/Calibration/FLAT/PixInsight/master/masterFlat_BIN-1_6248x4176_FILTER-b_mono.xisf', 's': 'F:/nina2/Calibration/FLAT/PixInsight/master/masterFlat_BIN-1_6248x4176_FILTER-s_mono.xisf', 'h': 'F:/nina2/Calibration/FLAT/PixInsight/master/masterFlat_BIN-1_6248x4176_FILTER-h_mono.xisf', 'o': 'F:/nina2/Calibration/FLAT/PixInsight/master/masterFlat_BIN-1_6248x4176_FILTER-o_mono.xisf'}
[2026-02-14 11:05:04]   Updated BIAS group -> F:/nina2/Calibration/Dark/PixInsight/master/masterDark_BIN-1_6248x4176_EXPOSURE-0.00s.xisf
[2026-02-14 11:05:04]   Updated DARK group -> F:/nina2/Calibration/Dark/PixInsight/master/masterDark_BIN-1_6248x4176_EXPOSURE-300.00s.xisf
[2026-02-14 11:05:04]   Updated FLAT group (filter=b) -> F:/nina2/Calibration/FLAT/PixInsight/master/masterFlat_BIN-1_6248x4176_FILTER-b_mono.xisf
[2026-02-14 11:05:04]   Updated FLAT group (filter=g) -> F:/nina2/Calibration/FLAT/PixInsight/master/masterFlat_BIN-1_6248x4176_FILTER-g_mono.xisf
[2026-02-14 11:05:04]   Updated FLAT group (filter=h) -> F:/nina2/Calibration/FLAT/PixInsight/master/masterFlat_BIN-1_6248x4176_FILTER-h_mono.xisf
[2026-02-14 11:05:04]   Updated FLAT group (filter=l) -> F:/nina2/Calibration/FLAT/PixInsight/master/masterFlat_BIN-1_6248x4176_FILTER-l_mono.xisf
[2026-02-14 11:05:04]   Updated FLAT group (filter=o) -> F:/nina2/Calibration/FLAT/PixInsight/master/masterFlat_BIN-1_6248x4176_FILTER-o_mono.xisf
[2026-02-14 11:05:04]   Updated FLAT group (filter=r) -> F:/nina2/Calibration/FLAT/PixInsight/master/masterFlat_BIN-1_6248x4176_FILTER-r_mono.xisf
[2026-02-14 11:05:04]   Updated FLAT group (filter=s) -> F:/nina2/Calibration/FLAT/PixInsight/master/masterFlat_BIN-1_6248x4176_FILTER-s_mono.xisf
[2026-02-14 11:05:04]   Removing old LIGHT group (filter=s)
[2026-02-14 11:05:04]   Removing old LIGHT group (filter=s)
[2026-02-14 11:05:04]   Added LIGHT group: filter=S, 3 files
[2026-02-14 11:05:04] DEBUG: First group JSON: {
  "imageType": 0,
  "binning": 1,
  "hasMaster": true,
  "exposureTime": 0,
  "filter": "",
  "exposureTimes": [
    0
  ],
  "optimizeMasterDark": false,
  "size": {
    "width": 6248,
    "height": 4176
  },
  "isCFA": false,
  "CFAPattern": 0,
  "debayerMethod": 2,
  "separateCFAFlatScalingFactors": false,
  "keywords": {},
  "mode": 1,
  "fileItems": [
    {
      "filePath": "F:/nina2/Calibration/Dark/PixInsight/master/masterDark_BIN-1_6248x4176_EXPOSURE-0.00s.xisf",
      "imageType": 0,
      "binning": 1,
      "filter": "",
      "exposureTime": 0,
      "fileKeywords": {
        "COMMENT": "",
        "IMAGETYP": "Master Dark",
        "XBINNING": "1",
        "YBINNING": "1",
        "FILTER": "",
        "EXPTIME": "0.00",
        "INSTRUME": "ZWO ASI2600MM Pro",
        "XPIXSZ": "3.76",
        "YPIXSZ": "3.76",
        "EGAIN": "0.242863",
        "TELESCOP": "askar fra400",
        "FOCALLEN": "400",
        "OBJECT": "Target",
        "RA": "358.8853639996715",
        "OBJCTRA": "23 55 32.487",
        "DEC": "89.85463614971177",
        "OBJCTDEC": "+89 51 16.69",
        "EQUINOX": "2000",
        "DATE-OBS": "2025-10-08T10:09:39.879",
        "DATE-END": "2025-10-08T10:19:16.833",
        "OBSGEO-L": "-99.38222222",
        "LONG-OBS": "-99.38222222",
        "OBSGEO-B": "31.54694444",
        "LAT-OBS": "31.54694444",
        "OBSGEO-H": "472",
        "ALT-OBS": "472"
      },
      "enabled": true,
      "size": {
        "width": 6248,
        "height": 4176
      },
      "matchingSizes": {
        "1": {
          "width": 6248,
          "height": 4176
        },
        "2": {
          "width": 6248,
          "height": 4176
        }
      },
      "createdWithSmartNamingEnabled": false,
      "solverParams": {
        "observationDate": "2025-10-08T17:09:39.879",
        "ra": 358.8853639996715,
        "dec": 89.85463614971177,
        "pixelSize": 3.76,
        "focalLength": 400
      },
      "isCFA": false,
      "isMaster": true,
      "keywords": {},
      "overscan": {
        "enabled": false,
        "overscan": [
          {
            "enabled": false,
            "sourceRect": {},
            "targetRect": {}
          },
          {
            "enabled": false,
            "sourceRect": {},
            "targetRect": {}
          },
          {
            "enabled": false,
            "sourceRect": {},
            "targetRect": {}
          },
          {
            "enabled": false,
            "sourceRect": {},
            "targetRect": {}
          }
        ],
        "imageRect": {}
      },
      "processed": {},
      "current": {
        "default": "F:/nina2/Calibration/Dark/PixInsight/master/masterDark_BIN-1_6248x4176_EXPOSURE-0.00s.xisf"
      },
      "descriptor": {},
      "localNormalizationFile": {},
      "drizzleFile": {},
      "isReference": {
        "default": false
      }
    }
  ],
  "lightOutputPedestalMode": 1,
  "lightOutputPedestal": 0,
  "lightOutputPedestalLimit": 0.0001,
  "drizzleData": {
    "enabled": false,
    "scale": 1,
    "dropShrink": 0.9,
    "function": 0,
    "gridSize": 16
  },
  "isHidden": false,
  "isActive": true,
  "CCTemplate": "",
  "footerLengthForCurrentHeader": 0,
  "masterFiles": {},
  "forceNoDark": false,
  "forceNoFlat": false,
  "id": "0_1__0_mono__1_none_6248x4176",
  "__counter__": 1
}
[2026-02-14 11:05:04] Rebuilt groups: 10 total groups
[2026-02-14 11:05:04] Pre-flight: 1 LIGHT group(s), 9 calibration group(s)
[2026-02-14 11:05:04] Generated testFile: C:\Users\pppad\OneDrive\Desktop\NebulaPilot\wbpp_Rosette.wbpptest
[2026-02-14 11:05:04]   outputDirectory: E:/N.I.N.A/Rosette/2026-02-11/PixInsight
[2026-02-14 11:05:04]   VERSION: 2.5.9
[2026-02-14 11:05:04] Command: "D:/Program Files/PixInsight/bin/PixInsight.exe" -n --automation-mode -r="C:/Users/pppad/OneDrive/Desktop/NebulaPilot/wbpp_Rosette.runner.js,automationMode=true,testFile=C:/Users/pppad/OneDrive/Desktop/NebulaPilot/wbpp_Rosette.wbpptest,outputDir=E:/N.I.N.A/Rosette/2026-02-11/PixInsight"
[2026-02-14 11:05:04] Popen started, PID: 25276
